This file contains any messages produced by compilers while
running configure, to aid debugging if configure makes a mistake.

It was created by bin/charge configure 1.0, which was
generated by GNU Autoconf 2.69.  Invocation command line was

  $ ./configure --with-gnu-ld

## --------- ##
## Platform. ##
## --------- ##

hostname = charge
uname -m = x86_64
uname -r = 4.2.0-16-generic
uname -s = Linux
uname -v = #19-Ubuntu SMP Thu Oct 8 15:35:06 UTC 2015

/usr/bin/uname -p = unknown
/bin/uname -X     = unknown

/bin/arch              = unknown
/usr/bin/arch -k       = unknown
/usr/convex/getsysinfo = unknown
/usr/bin/hostinfo      = unknown
/bin/machine           = unknown
/usr/bin/oslevel       = unknown
/bin/universe          = unknown

PATH: /usr/local/sbin
PATH: /usr/local/bin
PATH: /usr/sbin
PATH: /usr/bin
PATH: /sbin
PATH: /bin


## ----------- ##
## Core tests. ##
## ----------- ##

configure:2629: checking for a BSD-compatible install
configure:2697: result: /usr/bin/install -c
configure:2708: checking whether build environment is sane
configure:2763: result: yes
configure:2914: checking for a thread-safe mkdir -p
configure:2953: result: /bin/mkdir -p
configure:2960: checking for gawk
configure:2990: result: no
configure:2960: checking for mawk
configure:2976: found /usr/bin/mawk
configure:2987: result: mawk
configure:2998: checking whether make sets $(MAKE)
configure:3020: result: yes
configure:3049: checking whether make supports nested variables
configure:3066: result: yes
configure:3198: checking for gawk
configure:3225: result: mawk
configure:3294: checking for g++
configure:3310: found /usr/bin/g++
configure:3321: result: g++
configure:3348: checking for C++ compiler version
configure:3357: g++ --version >&5
g++ (Ubuntu 5.2.1-22ubuntu2) 5.2.1 20151010
Copyright (C) 2015 Free Software Foundation, Inc.
This is free software; see the source for copying conditions.  There is NO
warranty; not even for MERCHANTABILITY or FITNESS FOR A PARTICULAR PURPOSE.

configure:3368: $? = 0
configure:3357: g++ -v >&5
Using built-in specs.
COLLECT_GCC=g++
COLLECT_LTO_WRAPPER=/usr/lib/gcc/x86_64-linux-gnu/5/lto-wrapper
Target: x86_64-linux-gnu
Configured with: ../src/configure -v --with-pkgversion='Ubuntu 5.2.1-22ubuntu2' --with-bugurl=file:///usr/share/doc/gcc-5/README.Bugs --enable-languages=c,ada,c++,java,go,d,fortran,objc,obj-c++ --prefix=/usr --program-suffix=-5 --enable-shared --enable-linker-build-id --libexecdir=/usr/lib --without-included-gettext --enable-threads=posix --libdir=/usr/lib --enable-nls --with-sysroot=/ --enable-clocale=gnu --enable-libstdcxx-debug --enable-libstdcxx-time=yes --with-default-libstdcxx-abi=new --enable-gnu-unique-object --disable-vtable-verify --enable-libmpx --enable-plugin --with-system-zlib --disable-browser-plugin --enable-java-awt=gtk --enable-gtk-cairo --with-java-home=/usr/lib/jvm/java-1.5.0-gcj-5-amd64/jre --enable-java-home --with-jvm-root-dir=/usr/lib/jvm/java-1.5.0-gcj-5-amd64 --with-jvm-jar-dir=/usr/lib/jvm-exports/java-1.5.0-gcj-5-amd64 --with-arch-directory=amd64 --with-ecj-jar=/usr/share/java/eclipse-ecj.jar --enable-objc-gc --enable-multiarch --disable-werror --with-arch-32=i686 --with-abi=m64 --with-multilib-list=m32,m64,mx32 --enable-multilib --with-tune=generic --enable-checking=release --build=x86_64-linux-gnu --host=x86_64-linux-gnu --target=x86_64-linux-gnu
Thread model: posix
gcc version 5.2.1 20151010 (Ubuntu 5.2.1-22ubuntu2) 
configure:3368: $? = 0
configure:3357: g++ -V >&5
g++: error: unrecognized command line option '-V'
g++: fatal error: no input files
compilation terminated.
configure:3368: $? = 1
configure:3357: g++ -qversion >&5
g++: error: unrecognized command line option '-qversion'
g++: fatal error: no input files
compilation terminated.
configure:3368: $? = 1
configure:3388: checking whether the C++ compiler works
configure:3410: g++    conftest.cpp  >&5
configure:3414: $? = 0
configure:3462: result: yes
configure:3465: checking for C++ compiler default output file name
configure:3467: result: a.out
configure:3473: checking for suffix of executables
configure:3480: g++ -o conftest    conftest.cpp  >&5
configure:3484: $? = 0
configure:3506: result: 
configure:3528: checking whether we are cross compiling
configure:3536: g++ -o conftest    conftest.cpp  >&5
configure:3540: $? = 0
configure:3547: ./conftest
configure:3551: $? = 0
configure:3566: result: no
configure:3571: checking for suffix of object files
configure:3593: g++ -c   conftest.cpp >&5
configure:3597: $? = 0
configure:3618: result: o
configure:3622: checking whether we are using the GNU C++ compiler
configure:3641: g++ -c   conftest.cpp >&5
configure:3641: $? = 0
configure:3650: result: yes
configure:3659: checking whether g++ accepts -g
configure:3679: g++ -c -g  conftest.cpp >&5
configure:3679: $? = 0
configure:3720: result: yes
configure:3754: checking for style of include used by make
configure:3782: result: GNU
configure:3808: checking dependency style of g++
configure:3919: result: gcc3
configure:3982: checking for gcc
configure:3998: found /usr/bin/gcc
configure:4009: result: gcc
configure:4238: checking for C compiler version
configure:4247: gcc --version >&5
gcc (Ubuntu 5.2.1-22ubuntu2) 5.2.1 20151010
Copyright (C) 2015 Free Software Foundation, Inc.
This is free software; see the source for copying conditions.  There is NO
warranty; not even for MERCHANTABILITY or FITNESS FOR A PARTICULAR PURPOSE.

configure:4258: $? = 0
configure:4247: gcc -v >&5
Using built-in specs.
COLLECT_GCC=gcc
COLLECT_LTO_WRAPPER=/usr/lib/gcc/x86_64-linux-gnu/5/lto-wrapper
Target: x86_64-linux-gnu
Configured with: ../src/configure -v --with-pkgversion='Ubuntu 5.2.1-22ubuntu2' --with-bugurl=file:///usr/share/doc/gcc-5/README.Bugs --enable-languages=c,ada,c++,java,go,d,fortran,objc,obj-c++ --prefix=/usr --program-suffix=-5 --enable-shared --enable-linker-build-id --libexecdir=/usr/lib --without-included-gettext --enable-threads=posix --libdir=/usr/lib --enable-nls --with-sysroot=/ --enable-clocale=gnu --enable-libstdcxx-debug --enable-libstdcxx-time=yes --with-default-libstdcxx-abi=new --enable-gnu-unique-object --disable-vtable-verify --enable-libmpx --enable-plugin --with-system-zlib --disable-browser-plugin --enable-java-awt=gtk --enable-gtk-cairo --with-java-home=/usr/lib/jvm/java-1.5.0-gcj-5-amd64/jre --enable-java-home --with-jvm-root-dir=/usr/lib/jvm/java-1.5.0-gcj-5-amd64 --with-jvm-jar-dir=/usr/lib/jvm-exports/java-1.5.0-gcj-5-amd64 --with-arch-directory=amd64 --with-ecj-jar=/usr/share/java/eclipse-ecj.jar --enable-objc-gc --enable-multiarch --disable-werror --with-arch-32=i686 --with-abi=m64 --with-multilib-list=m32,m64,mx32 --enable-multilib --with-tune=generic --enable-checking=release --build=x86_64-linux-gnu --host=x86_64-linux-gnu --target=x86_64-linux-gnu
Thread model: posix
gcc version 5.2.1 20151010 (Ubuntu 5.2.1-22ubuntu2) 
configure:4258: $? = 0
configure:4247: gcc -V >&5
gcc: error: unrecognized command line option '-V'
gcc: fatal error: no input files
compilation terminated.
configure:4258: $? = 1
configure:4247: gcc -qversion >&5
gcc: error: unrecognized command line option '-qversion'
gcc: fatal error: no input files
compilation terminated.
configure:4258: $? = 1
configure:4262: checking whether we are using the GNU C compiler
configure:4281: gcc -c   conftest.c >&5
configure:4281: $? = 0
configure:4290: result: yes
configure:4299: checking whether gcc accepts -g
configure:4319: gcc -c -g  conftest.c >&5
configure:4319: $? = 0
configure:4360: result: yes
configure:4377: checking for gcc option to accept ISO C89
configure:4440: gcc  -c -g -O2  conftest.c >&5
configure:4440: $? = 0
configure:4453: result: none needed
configure:4478: checking whether gcc understands -c and -o together
configure:4500: gcc -c conftest.c -o conftest2.o
configure:4503: $? = 0
configure:4500: gcc -c conftest.c -o conftest2.o
configure:4503: $? = 0
configure:4515: result: yes
configure:4534: checking dependency style of gcc
configure:4645: result: gcc3
configure:4710: checking for ar
configure:4726: found /usr/bin/ar
configure:4737: result: ar
configure:4763: checking the archiver (ar) interface
configure:4779: gcc -c -g -O2  conftest.c >&5
configure:4779: $? = 0
configure:4781: ar cru libconftest.a conftest.o >&5
ar: `u' modifier ignored since `D' is the default (see `U')
configure:4784: $? = 0
configure:4812: result: ar
configure:4833: checking whether make sets $(MAKE)
configure:4855: result: yes
configure:4867: checking for main in -lcurl
configure:4886: gcc -o conftest -g -O2   conftest.c -lcurl   >&5
configure:4886: $? = 0
configure:4895: result: yes
configure:4906: checking for main in -lsqlite3
configure:4925: gcc -o conftest -g -O2   conftest.c -lsqlite3  -lcurl  >&5
configure:4925: $? = 0
configure:4934: result: yes
configure:4945: checking for main in -lglib-2.0
configure:4964: gcc -o conftest -g -O2   conftest.c -lglib-2.0  -lsqlite3 -lcurl  >&5
configure:4964: $? = 0
configure:4973: result: yes
configure:4984: checking for main in -lgthread-2.0
configure:5003: gcc -o conftest -g -O2   conftest.c -lgthread-2.0  -lglib-2.0 -lsqlite3 -lcurl  >&5
configure:5003: $? = 0
configure:5012: result: yes
configure:5023: checking for main in -lssl
configure:5042: gcc -o conftest -g -O2   conftest.c -lssl  -lgthread-2.0 -lglib-2.0 -lsqlite3 -lcurl  >&5
configure:5042: $? = 0
configure:5051: result: yes
configure:5062: checking for main in -lusb-1.0
configure:5081: gcc -o conftest -g -O2   conftest.c -lusb-1.0  -lssl -lgthread-2.0 -lglib-2.0 -lsqlite3 -lcurl  >&5
configure:5081: $? = 0
configure:5090: result: yes
configure:5101: checking for main in -lcom
configure:5120: gcc -o conftest -g -O2   conftest.c -lcom  -lusb-1.0 -lssl -lgthread-2.0 -lglib-2.0 -lsqlite3 -lcurl  >&5
/usr/bin/ld: cannot find -lcom
collect2: error: ld returned 1 exit status
configure:5120: $? = 1
configure: failed program was:
| /* confdefs.h */
| #define PACKAGE_NAME "bin/charge"
| #define PACKAGE_TARNAME "bin-charge"
| #define PACKAGE_VERSION "1.0"
| #define PACKAGE_STRING "bin/charge 1.0"
| #define PACKAGE_BUGREPORT "acoolbest@163.com"
| #define PACKAGE_URL ""
| #define PACKAGE "bin-charge"
| #define VERSION "1.0"
| #define HAVE_LIBCURL 1
| #define HAVE_LIBSQLITE3 1
| #define HAVE_LIBGLIB_2_0 1
| #define HAVE_LIBGTHREAD_2_0 1
| #define HAVE_LIBSSL 1
| #define HAVE_LIBUSB_1_0 1
| /* end confdefs.h.  */
| 
| 
| int
| main ()
| {
| return main ();
|   ;
|   return 0;
| }
configure:5129: result: no
configure:5140: checking for main in -lSendLog
configure:5159: gcc -o conftest -g -O2   conftest.c -lSendLog  -lusb-1.0 -lssl -lgthread-2.0 -lglib-2.0 -lsqlite3 -lcurl  >&5
/usr/bin/ld: cannot find -lSendLog
collect2: error: ld returned 1 exit status
configure:5159: $? = 1
configure: failed program was:
| /* confdefs.h */
| #define PACKAGE_NAME "bin/charge"
| #define PACKAGE_TARNAME "bin-charge"
| #define PACKAGE_VERSION "1.0"
| #define PACKAGE_STRING "bin/charge 1.0"
| #define PACKAGE_BUGREPORT "acoolbest@163.com"
| #define PACKAGE_URL ""
| #define PACKAGE "bin-charge"
| #define VERSION "1.0"
| #define HAVE_LIBCURL 1
| #define HAVE_LIBSQLITE3 1
| #define HAVE_LIBGLIB_2_0 1
| #define HAVE_LIBGTHREAD_2_0 1
| #define HAVE_LIBSSL 1
| #define HAVE_LIBUSB_1_0 1
| /* end confdefs.h.  */
| 
| 
| int
| main ()
| {
| return main ();
|   ;
|   return 0;
| }
configure:5168: result: no
configure:5179: checking for main in -lpublic
configure:5198: gcc -o conftest -g -O2   conftest.c -lpublic  -lusb-1.0 -lssl -lgthread-2.0 -lglib-2.0 -lsqlite3 -lcurl  >&5
/usr/bin/ld: cannot find -lpublic
collect2: error: ld returned 1 exit status
configure:5198: $? = 1
configure: failed program was:
| /* confdefs.h */
| #define PACKAGE_NAME "bin/charge"
| #define PACKAGE_TARNAME "bin-charge"
| #define PACKAGE_VERSION "1.0"
| #define PACKAGE_STRING "bin/charge 1.0"
| #define PACKAGE_BUGREPORT "acoolbest@163.com"
| #define PACKAGE_URL ""
| #define PACKAGE "bin-charge"
| #define VERSION "1.0"
| #define HAVE_LIBCURL 1
| #define HAVE_LIBSQLITE3 1
| #define HAVE_LIBGLIB_2_0 1
| #define HAVE_LIBGTHREAD_2_0 1
| #define HAVE_LIBSSL 1
| #define HAVE_LIBUSB_1_0 1
| /* end confdefs.h.  */
| 
| 
| int
| main ()
| {
| return main ();
|   ;
|   return 0;
| }
configure:5207: result: no
configure:5218: checking for main in -ljson
configure:5237: gcc -o conftest -g -O2   conftest.c -ljson  -lusb-1.0 -lssl -lgthread-2.0 -lglib-2.0 -lsqlite3 -lcurl  >&5
/usr/bin/ld: cannot find -ljson
collect2: error: ld returned 1 exit status
configure:5237: $? = 1
configure: failed program was:
| /* confdefs.h */
| #define PACKAGE_NAME "bin/charge"
| #define PACKAGE_TARNAME "bin-charge"
| #define PACKAGE_VERSION "1.0"
| #define PACKAGE_STRING "bin/charge 1.0"
| #define PACKAGE_BUGREPORT "acoolbest@163.com"
| #define PACKAGE_URL ""
| #define PACKAGE "bin-charge"
| #define VERSION "1.0"
| #define HAVE_LIBCURL 1
| #define HAVE_LIBSQLITE3 1
| #define HAVE_LIBGLIB_2_0 1
| #define HAVE_LIBGTHREAD_2_0 1
| #define HAVE_LIBSSL 1
| #define HAVE_LIBUSB_1_0 1
| /* end confdefs.h.  */
| 
| 
| int
| main ()
| {
| return main ();
|   ;
|   return 0;
| }
configure:5246: result: no
configure:5271: checking for sys/types.h
configure:5271: gcc -c -g -O2  conftest.c >&5
configure:5271: $? = 0
configure:5271: result: yes
configure:5271: checking for netinet/in.h
configure:5271: gcc -c -g -O2  conftest.c >&5
configure:5271: $? = 0
configure:5271: result: yes
configure:5271: checking for arpa/nameser.h
configure:5271: gcc -c -g -O2  conftest.c >&5
configure:5271: $? = 0
configure:5271: result: yes
configure:5271: checking for netdb.h
configure:5271: gcc -c -g -O2  conftest.c >&5
configure:5271: $? = 0
configure:5271: result: yes
configure:5271: checking for resolv.h
configure:5271: gcc -c -g -O2  conftest.c >&5
configure:5271: $? = 0
configure:5271: result: yes
configure:5299: checking how to run the C preprocessor
configure:5330: gcc -E  conftest.c
configure:5330: $? = 0
configure:5344: gcc -E  conftest.c
conftest.c:22:28: fatal error: ac_nonexistent.h: No such file or directory
compilation terminated.
configure:5344: $? = 1
configure: failed program was:
| /* confdefs.h */
| #define PACKAGE_NAME "bin/charge"
| #define PACKAGE_TARNAME "bin-charge"
| #define PACKAGE_VERSION "1.0"
| #define PACKAGE_STRING "bin/charge 1.0"
| #define PACKAGE_BUGREPORT "acoolbest@163.com"
| #define PACKAGE_URL ""
| #define PACKAGE "bin-charge"
| #define VERSION "1.0"
| #define HAVE_LIBCURL 1
| #define HAVE_LIBSQLITE3 1
| #define HAVE_LIBGLIB_2_0 1
| #define HAVE_LIBGTHREAD_2_0 1
| #define HAVE_LIBSSL 1
| #define HAVE_LIBUSB_1_0 1
| #define HAVE_SYS_TYPES_H 1
| #define HAVE_NETINET_IN_H 1
| #define HAVE_ARPA_NAMESER_H 1
| #define HAVE_NETDB_H 1
| #define HAVE_RESOLV_H 1
| /* end confdefs.h.  */
| #include <ac_nonexistent.h>
configure:5369: result: gcc -E
configure:5389: gcc -E  conftest.c
configure:5389: $? = 0
configure:5403: gcc -E  conftest.c
conftest.c:22:28: fatal error: ac_nonexistent.h: No such file or directory
compilation terminated.
configure:5403: $? = 1
configure: failed program was:
| /* confdefs.h */
| #define PACKAGE_NAME "bin/charge"
| #define PACKAGE_TARNAME "bin-charge"
| #define PACKAGE_VERSION "1.0"
| #define PACKAGE_STRING "bin/charge 1.0"
| #define PACKAGE_BUGREPORT "acoolbest@163.com"
| #define PACKAGE_URL ""
| #define PACKAGE "bin-charge"
| #define VERSION "1.0"
| #define HAVE_LIBCURL 1
| #define HAVE_LIBSQLITE3 1
| #define HAVE_LIBGLIB_2_0 1
| #define HAVE_LIBGTHREAD_2_0 1
| #define HAVE_LIBSSL 1
| #define HAVE_LIBUSB_1_0 1
| #define HAVE_SYS_TYPES_H 1
| #define HAVE_NETINET_IN_H 1
| #define HAVE_ARPA_NAMESER_H 1
| #define HAVE_NETDB_H 1
| #define HAVE_RESOLV_H 1
| /* end confdefs.h.  */
| #include <ac_nonexistent.h>
configure:5432: checking for grep that handles long lines and -e
configure:5490: result: /bin/grep
configure:5495: checking for egrep
configure:5557: result: /bin/grep -E
configure:5562: checking for ANSI C header files
configure:5582: gcc -c -g -O2  conftest.c >&5
configure:5582: $? = 0
configure:5655: gcc -o conftest -g -O2   conftest.c -lusb-1.0 -lssl -lgthread-2.0 -lglib-2.0 -lsqlite3 -lcurl  >&5
configure:5655: $? = 0
configure:5655: ./conftest
configure:5655: $? = 0
configure:5666: result: yes
configure:5679: checking for sys/types.h
configure:5679: result: yes
configure:5679: checking for sys/stat.h
configure:5679: gcc -c -g -O2  conftest.c >&5
configure:5679: $? = 0
configure:5679: result: yes
configure:5679: checking for stdlib.h
configure:5679: gcc -c -g -O2  conftest.c >&5
configure:5679: $? = 0
configure:5679: result: yes
configure:5679: checking for string.h
configure:5679: gcc -c -g -O2  conftest.c >&5
configure:5679: $? = 0
configure:5679: result: yes
configure:5679: checking for memory.h
configure:5679: gcc -c -g -O2  conftest.c >&5
configure:5679: $? = 0
configure:5679: result: yes
configure:5679: checking for strings.h
configure:5679: gcc -c -g -O2  conftest.c >&5
configure:5679: $? = 0
configure:5679: result: yes
configure:5679: checking for inttypes.h
configure:5679: gcc -c -g -O2  conftest.c >&5
configure:5679: $? = 0
configure:5679: result: yes
configure:5679: checking for stdint.h
configure:5679: gcc -c -g -O2  conftest.c >&5
configure:5679: $? = 0
configure:5679: result: yes
configure:5679: checking for unistd.h
configure:5679: gcc -c -g -O2  conftest.c >&5
configure:5679: $? = 0
configure:5679: result: yes
configure:5694: checking arpa/inet.h usability
configure:5694: gcc -c -g -O2  conftest.c >&5
configure:5694: $? = 0
configure:5694: result: yes
configure:5694: checking arpa/inet.h presence
configure:5694: gcc -E  conftest.c
configure:5694: $? = 0
configure:5694: result: yes
configure:5694: checking for arpa/inet.h
configure:5694: result: yes
configure:5694: checking fcntl.h usability
configure:5694: gcc -c -g -O2  conftest.c >&5
configure:5694: $? = 0
configure:5694: result: yes
configure:5694: checking fcntl.h presence
configure:5694: gcc -E  conftest.c
configure:5694: $? = 0
configure:5694: result: yes
configure:5694: checking for fcntl.h
configure:5694: result: yes
configure:5694: checking for inttypes.h
configure:5694: result: yes
configure:5694: checking limits.h usability
configure:5694: gcc -c -g -O2  conftest.c >&5
configure:5694: $? = 0
configure:5694: result: yes
configure:5694: checking limits.h presence
configure:5694: gcc -E  conftest.c
configure:5694: $? = 0
configure:5694: result: yes
configure:5694: checking for limits.h
configure:5694: result: yes
configure:5694: checking for memory.h
configure:5694: result: yes
configure:5694: checking for netdb.h
configure:5694: result: yes
configure:5694: checking for netinet/in.h
configure:5694: result: yes
configure:5694: checking stddef.h usability
configure:5694: gcc -c -g -O2  conftest.c >&5
configure:5694: $? = 0
configure:5694: result: yes
configure:5694: checking stddef.h presence
configure:5694: gcc -E  conftest.c
configure:5694: $? = 0
configure:5694: result: yes
configure:5694: checking for stddef.h
configure:5694: result: yes
configure:5694: checking for stdint.h
configure:5694: result: yes
configure:5694: checking for stdlib.h
configure:5694: result: yes
configure:5694: checking for string.h
configure:5694: result: yes
configure:5694: checking for strings.h
configure:5694: result: yes
configure:5694: checking sys/ioctl.h usability
configure:5694: gcc -c -g -O2  conftest.c >&5
configure:5694: $? = 0
configure:5694: result: yes
configure:5694: checking sys/ioctl.h presence
configure:5694: gcc -E  conftest.c
configure:5694: $? = 0
configure:5694: result: yes
configure:5694: checking for sys/ioctl.h
configure:5694: result: yes
configure:5694: checking sys/mount.h usability
configure:5694: gcc -c -g -O2  conftest.c >&5
configure:5694: $? = 0
configure:5694: result: yes
configure:5694: checking sys/mount.h presence
configure:5694: gcc -E  conftest.c
configure:5694: $? = 0
configure:5694: result: yes
configure:5694: checking for sys/mount.h
configure:5694: result: yes
configure:5694: checking sys/socket.h usability
configure:5694: gcc -c -g -O2  conftest.c >&5
configure:5694: $? = 0
configure:5694: result: yes
configure:5694: checking sys/socket.h presence
configure:5694: gcc -E  conftest.c
configure:5694: $? = 0
configure:5694: result: yes
configure:5694: checking for sys/socket.h
configure:5694: result: yes
configure:5694: checking sys/time.h usability
configure:5694: gcc -c -g -O2  conftest.c >&5
configure:5694: $? = 0
configure:5694: result: yes
configure:5694: checking sys/time.h presence
configure:5694: gcc -E  conftest.c
configure:5694: $? = 0
configure:5694: result: yes
configure:5694: checking for sys/time.h
configure:5694: result: yes
configure:5694: checking termios.h usability
configure:5694: gcc -c -g -O2  conftest.c >&5
configure:5694: $? = 0
configure:5694: result: yes
configure:5694: checking termios.h presence
configure:5694: gcc -E  conftest.c
configure:5694: $? = 0
configure:5694: result: yes
configure:5694: checking for termios.h
configure:5694: result: yes
configure:5694: checking for unistd.h
configure:5694: result: yes
configure:5694: checking utime.h usability
configure:5694: gcc -c -g -O2  conftest.c >&5
configure:5694: $? = 0
configure:5694: result: yes
configure:5694: checking utime.h presence
configure:5694: gcc -E  conftest.c
configure:5694: $? = 0
configure:5694: result: yes
configure:5694: checking for utime.h
configure:5694: result: yes
configure:5694: checking wchar.h usability
configure:5694: gcc -c -g -O2  conftest.c >&5
configure:5694: $? = 0
configure:5694: result: yes
configure:5694: checking wchar.h presence
configure:5694: gcc -E  conftest.c
configure:5694: $? = 0
configure:5694: result: yes
configure:5694: checking for wchar.h
configure:5694: result: yes
configure:5706: checking for stdbool.h that conforms to C99
configure:5773: gcc -c -g -O2  conftest.c >&5
configure:5773: $? = 0
configure:5780: result: yes
configure:5782: checking for _Bool
configure:5782: gcc -c -g -O2  conftest.c >&5
configure:5782: $? = 0
configure:5782: gcc -c -g -O2  conftest.c >&5
conftest.c: In function 'main':
conftest.c:88:20: error: expected expression before ')' token
 if (sizeof ((_Bool)))
                    ^
configure:5782: $? = 1
configure: failed program was:
| /* confdefs.h */
| #define PACKAGE_NAME "bin/charge"
| #define PACKAGE_TARNAME "bin-charge"
| #define PACKAGE_VERSION "1.0"
| #define PACKAGE_STRING "bin/charge 1.0"
| #define PACKAGE_BUGREPORT "acoolbest@163.com"
| #define PACKAGE_URL ""
| #define PACKAGE "bin-charge"
| #define VERSION "1.0"
| #define HAVE_LIBCURL 1
| #define HAVE_LIBSQLITE3 1
| #define HAVE_LIBGLIB_2_0 1
| #define HAVE_LIBGTHREAD_2_0 1
| #define HAVE_LIBSSL 1
| #define HAVE_LIBUSB_1_0 1
| #define HAVE_SYS_TYPES_H 1
| #define HAVE_NETINET_IN_H 1
| #define HAVE_ARPA_NAMESER_H 1
| #define HAVE_NETDB_H 1
| #define HAVE_RESOLV_H 1
| #define STDC_HEADERS 1
| #define HAVE_SYS_TYPES_H 1
| #define HAVE_SYS_STAT_H 1
| #define HAVE_STDLIB_H 1
| #define HAVE_STRING_H 1
| #define HAVE_MEMORY_H 1
| #define HAVE_STRINGS_H 1
| #define HAVE_INTTYPES_H 1
| #define HAVE_STDINT_H 1
| #define HAVE_UNISTD_H 1
| #define HAVE_ARPA_INET_H 1
| #define HAVE_FCNTL_H 1
| #define HAVE_INTTYPES_H 1
| #define HAVE_LIMITS_H 1
| #define HAVE_MEMORY_H 1
| #define HAVE_NETDB_H 1
| #define HAVE_NETINET_IN_H 1
| #define HAVE_STDDEF_H 1
| #define HAVE_STDINT_H 1
| #define HAVE_STDLIB_H 1
| #define HAVE_STRING_H 1
| #define HAVE_STRINGS_H 1
| #define HAVE_SYS_IOCTL_H 1
| #define HAVE_SYS_MOUNT_H 1
| #define HAVE_SYS_SOCKET_H 1
| #define HAVE_SYS_TIME_H 1
| #define HAVE_TERMIOS_H 1
| #define HAVE_UNISTD_H 1
| #define HAVE_UTIME_H 1
| #define HAVE_WCHAR_H 1
| /* end confdefs.h.  */
| #include <stdio.h>
| #ifdef HAVE_SYS_TYPES_H
| # include <sys/types.h>
| #endif
| #ifdef HAVE_SYS_STAT_H
| # include <sys/stat.h>
| #endif
| #ifdef STDC_HEADERS
| # include <stdlib.h>
| # include <stddef.h>
| #else
| # ifdef HAVE_STDLIB_H
| #  include <stdlib.h>
| # endif
| #endif
| #ifdef HAVE_STRING_H
| # if !defined STDC_HEADERS && defined HAVE_MEMORY_H
| #  include <memory.h>
| # endif
| # include <string.h>
| #endif
| #ifdef HAVE_STRINGS_H
| # include <strings.h>
| #endif
| #ifdef HAVE_INTTYPES_H
| # include <inttypes.h>
| #endif
| #ifdef HAVE_STDINT_H
| # include <stdint.h>
| #endif
| #ifdef HAVE_UNISTD_H
| # include <unistd.h>
| #endif
| int
| main ()
| {
| if (sizeof ((_Bool)))
| 	    return 0;
|   ;
|   return 0;
| }
configure:5782: result: yes
configure:5793: checking for uid_t in sys/types.h
configure:5812: result: yes
configure:5823: checking for inline
configure:5839: gcc -c -g -O2  conftest.c >&5
configure:5839: $? = 0
configure:5847: result: inline
configure:5865: checking for int32_t
configure:5865: gcc -c -g -O2  conftest.c >&5
configure:5865: $? = 0
configure:5865: gcc -c -g -O2  conftest.c >&5
conftest.c: In function 'main':
conftest.c:91:53: warning: integer overflow in expression [-Woverflow]
    < (int32_t) (((((int32_t) 1 << N) << N) - 1) * 2 + 2))];
                                                     ^
conftest.c:90:12: error: storage size of 'test_array' isn't constant
 static int test_array [1 - 2 * !((int32_t) (((((int32_t) 1 << N) << N) - 1) * 2 + 1)
            ^
configure:5865: $? = 1
configure: failed program was:
| /* confdefs.h */
| #define PACKAGE_NAME "bin/charge"
| #define PACKAGE_TARNAME "bin-charge"
| #define PACKAGE_VERSION "1.0"
| #define PACKAGE_STRING "bin/charge 1.0"
| #define PACKAGE_BUGREPORT "acoolbest@163.com"
| #define PACKAGE_URL ""
| #define PACKAGE "bin-charge"
| #define VERSION "1.0"
| #define HAVE_LIBCURL 1
| #define HAVE_LIBSQLITE3 1
| #define HAVE_LIBGLIB_2_0 1
| #define HAVE_LIBGTHREAD_2_0 1
| #define HAVE_LIBSSL 1
| #define HAVE_LIBUSB_1_0 1
| #define HAVE_SYS_TYPES_H 1
| #define HAVE_NETINET_IN_H 1
| #define HAVE_ARPA_NAMESER_H 1
| #define HAVE_NETDB_H 1
| #define HAVE_RESOLV_H 1
| #define STDC_HEADERS 1
| #define HAVE_SYS_TYPES_H 1
| #define HAVE_SYS_STAT_H 1
| #define HAVE_STDLIB_H 1
| #define HAVE_STRING_H 1
| #define HAVE_MEMORY_H 1
| #define HAVE_STRINGS_H 1
| #define HAVE_INTTYPES_H 1
| #define HAVE_STDINT_H 1
| #define HAVE_UNISTD_H 1
| #define HAVE_ARPA_INET_H 1
| #define HAVE_FCNTL_H 1
| #define HAVE_INTTYPES_H 1
| #define HAVE_LIMITS_H 1
| #define HAVE_MEMORY_H 1
| #define HAVE_NETDB_H 1
| #define HAVE_NETINET_IN_H 1
| #define HAVE_STDDEF_H 1
| #define HAVE_STDINT_H 1
| #define HAVE_STDLIB_H 1
| #define HAVE_STRING_H 1
| #define HAVE_STRINGS_H 1
| #define HAVE_SYS_IOCTL_H 1
| #define HAVE_SYS_MOUNT_H 1
| #define HAVE_SYS_SOCKET_H 1
| #define HAVE_SYS_TIME_H 1
| #define HAVE_TERMIOS_H 1
| #define HAVE_UNISTD_H 1
| #define HAVE_UTIME_H 1
| #define HAVE_WCHAR_H 1
| #define HAVE__BOOL 1
| /* end confdefs.h.  */
| #include <stdio.h>
| #ifdef HAVE_SYS_TYPES_H
| # include <sys/types.h>
| #endif
| #ifdef HAVE_SYS_STAT_H
| # include <sys/stat.h>
| #endif
| #ifdef STDC_HEADERS
| # include <stdlib.h>
| # include <stddef.h>
| #else
| # ifdef HAVE_STDLIB_H
| #  include <stdlib.h>
| # endif
| #endif
| #ifdef HAVE_STRING_H
| # if !defined STDC_HEADERS && defined HAVE_MEMORY_H
| #  include <memory.h>
| # endif
| # include <string.h>
| #endif
| #ifdef HAVE_STRINGS_H
| # include <strings.h>
| #endif
| #ifdef HAVE_INTTYPES_H
| # include <inttypes.h>
| #endif
| #ifdef HAVE_STDINT_H
| # include <stdint.h>
| #endif
| #ifdef HAVE_UNISTD_H
| # include <unistd.h>
| #endif
| 	        enum { N = 32 / 2 - 1 };
| int
| main ()
| {
| static int test_array [1 - 2 * !((int32_t) (((((int32_t) 1 << N) << N) - 1) * 2 + 1)
| 		 < (int32_t) (((((int32_t) 1 << N) << N) - 1) * 2 + 2))];
| test_array [0] = 0;
| return test_array [0];
| 
|   ;
|   return 0;
| }
configure:5865: result: yes
configure:5876: checking for int64_t
configure:5876: gcc -c -g -O2  conftest.c >&5
configure:5876: $? = 0
configure:5876: gcc -c -g -O2  conftest.c >&5
conftest.c: In function 'main':
conftest.c:91:53: warning: integer overflow in expression [-Woverflow]
    < (int64_t) (((((int64_t) 1 << N) << N) - 1) * 2 + 2))];
                                                     ^
conftest.c:90:12: error: storage size of 'test_array' isn't constant
 static int test_array [1 - 2 * !((int64_t) (((((int64_t) 1 << N) << N) - 1) * 2 + 1)
            ^
configure:5876: $? = 1
configure: failed program was:
| /* confdefs.h */
| #define PACKAGE_NAME "bin/charge"
| #define PACKAGE_TARNAME "bin-charge"
| #define PACKAGE_VERSION "1.0"
| #define PACKAGE_STRING "bin/charge 1.0"
| #define PACKAGE_BUGREPORT "acoolbest@163.com"
| #define PACKAGE_URL ""
| #define PACKAGE "bin-charge"
| #define VERSION "1.0"
| #define HAVE_LIBCURL 1
| #define HAVE_LIBSQLITE3 1
| #define HAVE_LIBGLIB_2_0 1
| #define HAVE_LIBGTHREAD_2_0 1
| #define HAVE_LIBSSL 1
| #define HAVE_LIBUSB_1_0 1
| #define HAVE_SYS_TYPES_H 1
| #define HAVE_NETINET_IN_H 1
| #define HAVE_ARPA_NAMESER_H 1
| #define HAVE_NETDB_H 1
| #define HAVE_RESOLV_H 1
| #define STDC_HEADERS 1
| #define HAVE_SYS_TYPES_H 1
| #define HAVE_SYS_STAT_H 1
| #define HAVE_STDLIB_H 1
| #define HAVE_STRING_H 1
| #define HAVE_MEMORY_H 1
| #define HAVE_STRINGS_H 1
| #define HAVE_INTTYPES_H 1
| #define HAVE_STDINT_H 1
| #define HAVE_UNISTD_H 1
| #define HAVE_ARPA_INET_H 1
| #define HAVE_FCNTL_H 1
| #define HAVE_INTTYPES_H 1
| #define HAVE_LIMITS_H 1
| #define HAVE_MEMORY_H 1
| #define HAVE_NETDB_H 1
| #define HAVE_NETINET_IN_H 1
| #define HAVE_STDDEF_H 1
| #define HAVE_STDINT_H 1
| #define HAVE_STDLIB_H 1
| #define HAVE_STRING_H 1
| #define HAVE_STRINGS_H 1
| #define HAVE_SYS_IOCTL_H 1
| #define HAVE_SYS_MOUNT_H 1
| #define HAVE_SYS_SOCKET_H 1
| #define HAVE_SYS_TIME_H 1
| #define HAVE_TERMIOS_H 1
| #define HAVE_UNISTD_H 1
| #define HAVE_UTIME_H 1
| #define HAVE_WCHAR_H 1
| #define HAVE__BOOL 1
| /* end confdefs.h.  */
| #include <stdio.h>
| #ifdef HAVE_SYS_TYPES_H
| # include <sys/types.h>
| #endif
| #ifdef HAVE_SYS_STAT_H
| # include <sys/stat.h>
| #endif
| #ifdef STDC_HEADERS
| # include <stdlib.h>
| # include <stddef.h>
| #else
| # ifdef HAVE_STDLIB_H
| #  include <stdlib.h>
| # endif
| #endif
| #ifdef HAVE_STRING_H
| # if !defined STDC_HEADERS && defined HAVE_MEMORY_H
| #  include <memory.h>
| # endif
| # include <string.h>
| #endif
| #ifdef HAVE_STRINGS_H
| # include <strings.h>
| #endif
| #ifdef HAVE_INTTYPES_H
| # include <inttypes.h>
| #endif
| #ifdef HAVE_STDINT_H
| # include <stdint.h>
| #endif
| #ifdef HAVE_UNISTD_H
| # include <unistd.h>
| #endif
| 	        enum { N = 64 / 2 - 1 };
| int
| main ()
| {
| static int test_array [1 - 2 * !((int64_t) (((((int64_t) 1 << N) << N) - 1) * 2 + 1)
| 		 < (int64_t) (((((int64_t) 1 << N) << N) - 1) * 2 + 2))];
| test_array [0] = 0;
| return test_array [0];
| 
|   ;
|   return 0;
| }
configure:5876: result: yes
configure:5887: checking for int8_t
configure:5887: gcc -c -g -O2  conftest.c >&5
configure:5887: $? = 0
configure:5887: gcc -c -g -O2  conftest.c >&5
conftest.c: In function 'main':
conftest.c:90:12: error: size of array 'test_array' is negative
 static int test_array [1 - 2 * !((int8_t) (((((int8_t) 1 << N) << N) - 1) * 2 + 1)
            ^
configure:5887: $? = 1
configure: failed program was:
| /* confdefs.h */
| #define PACKAGE_NAME "bin/charge"
| #define PACKAGE_TARNAME "bin-charge"
| #define PACKAGE_VERSION "1.0"
| #define PACKAGE_STRING "bin/charge 1.0"
| #define PACKAGE_BUGREPORT "acoolbest@163.com"
| #define PACKAGE_URL ""
| #define PACKAGE "bin-charge"
| #define VERSION "1.0"
| #define HAVE_LIBCURL 1
| #define HAVE_LIBSQLITE3 1
| #define HAVE_LIBGLIB_2_0 1
| #define HAVE_LIBGTHREAD_2_0 1
| #define HAVE_LIBSSL 1
| #define HAVE_LIBUSB_1_0 1
| #define HAVE_SYS_TYPES_H 1
| #define HAVE_NETINET_IN_H 1
| #define HAVE_ARPA_NAMESER_H 1
| #define HAVE_NETDB_H 1
| #define HAVE_RESOLV_H 1
| #define STDC_HEADERS 1
| #define HAVE_SYS_TYPES_H 1
| #define HAVE_SYS_STAT_H 1
| #define HAVE_STDLIB_H 1
| #define HAVE_STRING_H 1
| #define HAVE_MEMORY_H 1
| #define HAVE_STRINGS_H 1
| #define HAVE_INTTYPES_H 1
| #define HAVE_STDINT_H 1
| #define HAVE_UNISTD_H 1
| #define HAVE_ARPA_INET_H 1
| #define HAVE_FCNTL_H 1
| #define HAVE_INTTYPES_H 1
| #define HAVE_LIMITS_H 1
| #define HAVE_MEMORY_H 1
| #define HAVE_NETDB_H 1
| #define HAVE_NETINET_IN_H 1
| #define HAVE_STDDEF_H 1
| #define HAVE_STDINT_H 1
| #define HAVE_STDLIB_H 1
| #define HAVE_STRING_H 1
| #define HAVE_STRINGS_H 1
| #define HAVE_SYS_IOCTL_H 1
| #define HAVE_SYS_MOUNT_H 1
| #define HAVE_SYS_SOCKET_H 1
| #define HAVE_SYS_TIME_H 1
| #define HAVE_TERMIOS_H 1
| #define HAVE_UNISTD_H 1
| #define HAVE_UTIME_H 1
| #define HAVE_WCHAR_H 1
| #define HAVE__BOOL 1
| /* end confdefs.h.  */
| #include <stdio.h>
| #ifdef HAVE_SYS_TYPES_H
| # include <sys/types.h>
| #endif
| #ifdef HAVE_SYS_STAT_H
| # include <sys/stat.h>
| #endif
| #ifdef STDC_HEADERS
| # include <stdlib.h>
| # include <stddef.h>
| #else
| # ifdef HAVE_STDLIB_H
| #  include <stdlib.h>
| # endif
| #endif
| #ifdef HAVE_STRING_H
| # if !defined STDC_HEADERS && defined HAVE_MEMORY_H
| #  include <memory.h>
| # endif
| # include <string.h>
| #endif
| #ifdef HAVE_STRINGS_H
| # include <strings.h>
| #endif
| #ifdef HAVE_INTTYPES_H
| # include <inttypes.h>
| #endif
| #ifdef HAVE_STDINT_H
| # include <stdint.h>
| #endif
| #ifdef HAVE_UNISTD_H
| # include <unistd.h>
| #endif
| 	        enum { N = 8 / 2 - 1 };
| int
| main ()
| {
| static int test_array [1 - 2 * !((int8_t) (((((int8_t) 1 << N) << N) - 1) * 2 + 1)
| 		 < (int8_t) (((((int8_t) 1 << N) << N) - 1) * 2 + 2))];
| test_array [0] = 0;
| return test_array [0];
| 
|   ;
|   return 0;
| }
configure:5887: result: yes
configure:5898: checking for mode_t
configure:5898: gcc -c -g -O2  conftest.c >&5
configure:5898: $? = 0
configure:5898: gcc -c -g -O2  conftest.c >&5
conftest.c: In function 'main':
conftest.c:89:21: error: expected expression before ')' token
 if (sizeof ((mode_t)))
                     ^
configure:5898: $? = 1
configure: failed program was:
| /* confdefs.h */
| #define PACKAGE_NAME "bin/charge"
| #define PACKAGE_TARNAME "bin-charge"
| #define PACKAGE_VERSION "1.0"
| #define PACKAGE_STRING "bin/charge 1.0"
| #define PACKAGE_BUGREPORT "acoolbest@163.com"
| #define PACKAGE_URL ""
| #define PACKAGE "bin-charge"
| #define VERSION "1.0"
| #define HAVE_LIBCURL 1
| #define HAVE_LIBSQLITE3 1
| #define HAVE_LIBGLIB_2_0 1
| #define HAVE_LIBGTHREAD_2_0 1
| #define HAVE_LIBSSL 1
| #define HAVE_LIBUSB_1_0 1
| #define HAVE_SYS_TYPES_H 1
| #define HAVE_NETINET_IN_H 1
| #define HAVE_ARPA_NAMESER_H 1
| #define HAVE_NETDB_H 1
| #define HAVE_RESOLV_H 1
| #define STDC_HEADERS 1
| #define HAVE_SYS_TYPES_H 1
| #define HAVE_SYS_STAT_H 1
| #define HAVE_STDLIB_H 1
| #define HAVE_STRING_H 1
| #define HAVE_MEMORY_H 1
| #define HAVE_STRINGS_H 1
| #define HAVE_INTTYPES_H 1
| #define HAVE_STDINT_H 1
| #define HAVE_UNISTD_H 1
| #define HAVE_ARPA_INET_H 1
| #define HAVE_FCNTL_H 1
| #define HAVE_INTTYPES_H 1
| #define HAVE_LIMITS_H 1
| #define HAVE_MEMORY_H 1
| #define HAVE_NETDB_H 1
| #define HAVE_NETINET_IN_H 1
| #define HAVE_STDDEF_H 1
| #define HAVE_STDINT_H 1
| #define HAVE_STDLIB_H 1
| #define HAVE_STRING_H 1
| #define HAVE_STRINGS_H 1
| #define HAVE_SYS_IOCTL_H 1
| #define HAVE_SYS_MOUNT_H 1
| #define HAVE_SYS_SOCKET_H 1
| #define HAVE_SYS_TIME_H 1
| #define HAVE_TERMIOS_H 1
| #define HAVE_UNISTD_H 1
| #define HAVE_UTIME_H 1
| #define HAVE_WCHAR_H 1
| #define HAVE__BOOL 1
| /* end confdefs.h.  */
| #include <stdio.h>
| #ifdef HAVE_SYS_TYPES_H
| # include <sys/types.h>
| #endif
| #ifdef HAVE_SYS_STAT_H
| # include <sys/stat.h>
| #endif
| #ifdef STDC_HEADERS
| # include <stdlib.h>
| # include <stddef.h>
| #else
| # ifdef HAVE_STDLIB_H
| #  include <stdlib.h>
| # endif
| #endif
| #ifdef HAVE_STRING_H
| # if !defined STDC_HEADERS && defined HAVE_MEMORY_H
| #  include <memory.h>
| # endif
| # include <string.h>
| #endif
| #ifdef HAVE_STRINGS_H
| # include <strings.h>
| #endif
| #ifdef HAVE_INTTYPES_H
| # include <inttypes.h>
| #endif
| #ifdef HAVE_STDINT_H
| # include <stdint.h>
| #endif
| #ifdef HAVE_UNISTD_H
| # include <unistd.h>
| #endif
| int
| main ()
| {
| if (sizeof ((mode_t)))
| 	    return 0;
|   ;
|   return 0;
| }
configure:5898: result: yes
configure:5909: checking for off_t
configure:5909: gcc -c -g -O2  conftest.c >&5
configure:5909: $? = 0
configure:5909: gcc -c -g -O2  conftest.c >&5
conftest.c: In function 'main':
conftest.c:89:20: error: expected expression before ')' token
 if (sizeof ((off_t)))
                    ^
configure:5909: $? = 1
configure: failed program was:
| /* confdefs.h */
| #define PACKAGE_NAME "bin/charge"
| #define PACKAGE_TARNAME "bin-charge"
| #define PACKAGE_VERSION "1.0"
| #define PACKAGE_STRING "bin/charge 1.0"
| #define PACKAGE_BUGREPORT "acoolbest@163.com"
| #define PACKAGE_URL ""
| #define PACKAGE "bin-charge"
| #define VERSION "1.0"
| #define HAVE_LIBCURL 1
| #define HAVE_LIBSQLITE3 1
| #define HAVE_LIBGLIB_2_0 1
| #define HAVE_LIBGTHREAD_2_0 1
| #define HAVE_LIBSSL 1
| #define HAVE_LIBUSB_1_0 1
| #define HAVE_SYS_TYPES_H 1
| #define HAVE_NETINET_IN_H 1
| #define HAVE_ARPA_NAMESER_H 1
| #define HAVE_NETDB_H 1
| #define HAVE_RESOLV_H 1
| #define STDC_HEADERS 1
| #define HAVE_SYS_TYPES_H 1
| #define HAVE_SYS_STAT_H 1
| #define HAVE_STDLIB_H 1
| #define HAVE_STRING_H 1
| #define HAVE_MEMORY_H 1
| #define HAVE_STRINGS_H 1
| #define HAVE_INTTYPES_H 1
| #define HAVE_STDINT_H 1
| #define HAVE_UNISTD_H 1
| #define HAVE_ARPA_INET_H 1
| #define HAVE_FCNTL_H 1
| #define HAVE_INTTYPES_H 1
| #define HAVE_LIMITS_H 1
| #define HAVE_MEMORY_H 1
| #define HAVE_NETDB_H 1
| #define HAVE_NETINET_IN_H 1
| #define HAVE_STDDEF_H 1
| #define HAVE_STDINT_H 1
| #define HAVE_STDLIB_H 1
| #define HAVE_STRING_H 1
| #define HAVE_STRINGS_H 1
| #define HAVE_SYS_IOCTL_H 1
| #define HAVE_SYS_MOUNT_H 1
| #define HAVE_SYS_SOCKET_H 1
| #define HAVE_SYS_TIME_H 1
| #define HAVE_TERMIOS_H 1
| #define HAVE_UNISTD_H 1
| #define HAVE_UTIME_H 1
| #define HAVE_WCHAR_H 1
| #define HAVE__BOOL 1
| /* end confdefs.h.  */
| #include <stdio.h>
| #ifdef HAVE_SYS_TYPES_H
| # include <sys/types.h>
| #endif
| #ifdef HAVE_SYS_STAT_H
| # include <sys/stat.h>
| #endif
| #ifdef STDC_HEADERS
| # include <stdlib.h>
| # include <stddef.h>
| #else
| # ifdef HAVE_STDLIB_H
| #  include <stdlib.h>
| # endif
| #endif
| #ifdef HAVE_STRING_H
| # if !defined STDC_HEADERS && defined HAVE_MEMORY_H
| #  include <memory.h>
| # endif
| # include <string.h>
| #endif
| #ifdef HAVE_STRINGS_H
| # include <strings.h>
| #endif
| #ifdef HAVE_INTTYPES_H
| # include <inttypes.h>
| #endif
| #ifdef HAVE_STDINT_H
| # include <stdint.h>
| #endif
| #ifdef HAVE_UNISTD_H
| # include <unistd.h>
| #endif
| int
| main ()
| {
| if (sizeof ((off_t)))
| 	    return 0;
|   ;
|   return 0;
| }
configure:5909: result: yes
configure:5920: checking for pid_t
configure:5920: gcc -c -g -O2  conftest.c >&5
configure:5920: $? = 0
configure:5920: gcc -c -g -O2  conftest.c >&5
conftest.c: In function 'main':
conftest.c:89:20: error: expected expression before ')' token
 if (sizeof ((pid_t)))
                    ^
configure:5920: $? = 1
configure: failed program was:
| /* confdefs.h */
| #define PACKAGE_NAME "bin/charge"
| #define PACKAGE_TARNAME "bin-charge"
| #define PACKAGE_VERSION "1.0"
| #define PACKAGE_STRING "bin/charge 1.0"
| #define PACKAGE_BUGREPORT "acoolbest@163.com"
| #define PACKAGE_URL ""
| #define PACKAGE "bin-charge"
| #define VERSION "1.0"
| #define HAVE_LIBCURL 1
| #define HAVE_LIBSQLITE3 1
| #define HAVE_LIBGLIB_2_0 1
| #define HAVE_LIBGTHREAD_2_0 1
| #define HAVE_LIBSSL 1
| #define HAVE_LIBUSB_1_0 1
| #define HAVE_SYS_TYPES_H 1
| #define HAVE_NETINET_IN_H 1
| #define HAVE_ARPA_NAMESER_H 1
| #define HAVE_NETDB_H 1
| #define HAVE_RESOLV_H 1
| #define STDC_HEADERS 1
| #define HAVE_SYS_TYPES_H 1
| #define HAVE_SYS_STAT_H 1
| #define HAVE_STDLIB_H 1
| #define HAVE_STRING_H 1
| #define HAVE_MEMORY_H 1
| #define HAVE_STRINGS_H 1
| #define HAVE_INTTYPES_H 1
| #define HAVE_STDINT_H 1
| #define HAVE_UNISTD_H 1
| #define HAVE_ARPA_INET_H 1
| #define HAVE_FCNTL_H 1
| #define HAVE_INTTYPES_H 1
| #define HAVE_LIMITS_H 1
| #define HAVE_MEMORY_H 1
| #define HAVE_NETDB_H 1
| #define HAVE_NETINET_IN_H 1
| #define HAVE_STDDEF_H 1
| #define HAVE_STDINT_H 1
| #define HAVE_STDLIB_H 1
| #define HAVE_STRING_H 1
| #define HAVE_STRINGS_H 1
| #define HAVE_SYS_IOCTL_H 1
| #define HAVE_SYS_MOUNT_H 1
| #define HAVE_SYS_SOCKET_H 1
| #define HAVE_SYS_TIME_H 1
| #define HAVE_TERMIOS_H 1
| #define HAVE_UNISTD_H 1
| #define HAVE_UTIME_H 1
| #define HAVE_WCHAR_H 1
| #define HAVE__BOOL 1
| /* end confdefs.h.  */
| #include <stdio.h>
| #ifdef HAVE_SYS_TYPES_H
| # include <sys/types.h>
| #endif
| #ifdef HAVE_SYS_STAT_H
| # include <sys/stat.h>
| #endif
| #ifdef STDC_HEADERS
| # include <stdlib.h>
| # include <stddef.h>
| #else
| # ifdef HAVE_STDLIB_H
| #  include <stdlib.h>
| # endif
| #endif
| #ifdef HAVE_STRING_H
| # if !defined STDC_HEADERS && defined HAVE_MEMORY_H
| #  include <memory.h>
| # endif
| # include <string.h>
| #endif
| #ifdef HAVE_STRINGS_H
| # include <strings.h>
| #endif
| #ifdef HAVE_INTTYPES_H
| # include <inttypes.h>
| #endif
| #ifdef HAVE_STDINT_H
| # include <stdint.h>
| #endif
| #ifdef HAVE_UNISTD_H
| # include <unistd.h>
| #endif
| int
| main ()
| {
| if (sizeof ((pid_t)))
| 	    return 0;
|   ;
|   return 0;
| }
configure:5920: result: yes
configure:5931: checking for size_t
configure:5931: gcc -c -g -O2  conftest.c >&5
configure:5931: $? = 0
configure:5931: gcc -c -g -O2  conftest.c >&5
conftest.c: In function 'main':
conftest.c:89:21: error: expected expression before ')' token
 if (sizeof ((size_t)))
                     ^
configure:5931: $? = 1
configure: failed program was:
| /* confdefs.h */
| #define PACKAGE_NAME "bin/charge"
| #define PACKAGE_TARNAME "bin-charge"
| #define PACKAGE_VERSION "1.0"
| #define PACKAGE_STRING "bin/charge 1.0"
| #define PACKAGE_BUGREPORT "acoolbest@163.com"
| #define PACKAGE_URL ""
| #define PACKAGE "bin-charge"
| #define VERSION "1.0"
| #define HAVE_LIBCURL 1
| #define HAVE_LIBSQLITE3 1
| #define HAVE_LIBGLIB_2_0 1
| #define HAVE_LIBGTHREAD_2_0 1
| #define HAVE_LIBSSL 1
| #define HAVE_LIBUSB_1_0 1
| #define HAVE_SYS_TYPES_H 1
| #define HAVE_NETINET_IN_H 1
| #define HAVE_ARPA_NAMESER_H 1
| #define HAVE_NETDB_H 1
| #define HAVE_RESOLV_H 1
| #define STDC_HEADERS 1
| #define HAVE_SYS_TYPES_H 1
| #define HAVE_SYS_STAT_H 1
| #define HAVE_STDLIB_H 1
| #define HAVE_STRING_H 1
| #define HAVE_MEMORY_H 1
| #define HAVE_STRINGS_H 1
| #define HAVE_INTTYPES_H 1
| #define HAVE_STDINT_H 1
| #define HAVE_UNISTD_H 1
| #define HAVE_ARPA_INET_H 1
| #define HAVE_FCNTL_H 1
| #define HAVE_INTTYPES_H 1
| #define HAVE_LIMITS_H 1
| #define HAVE_MEMORY_H 1
| #define HAVE_NETDB_H 1
| #define HAVE_NETINET_IN_H 1
| #define HAVE_STDDEF_H 1
| #define HAVE_STDINT_H 1
| #define HAVE_STDLIB_H 1
| #define HAVE_STRING_H 1
| #define HAVE_STRINGS_H 1
| #define HAVE_SYS_IOCTL_H 1
| #define HAVE_SYS_MOUNT_H 1
| #define HAVE_SYS_SOCKET_H 1
| #define HAVE_SYS_TIME_H 1
| #define HAVE_TERMIOS_H 1
| #define HAVE_UNISTD_H 1
| #define HAVE_UTIME_H 1
| #define HAVE_WCHAR_H 1
| #define HAVE__BOOL 1
| /* end confdefs.h.  */
| #include <stdio.h>
| #ifdef HAVE_SYS_TYPES_H
| # include <sys/types.h>
| #endif
| #ifdef HAVE_SYS_STAT_H
| # include <sys/stat.h>
| #endif
| #ifdef STDC_HEADERS
| # include <stdlib.h>
| # include <stddef.h>
| #else
| # ifdef HAVE_STDLIB_H
| #  include <stdlib.h>
| # endif
| #endif
| #ifdef HAVE_STRING_H
| # if !defined STDC_HEADERS && defined HAVE_MEMORY_H
| #  include <memory.h>
| # endif
| # include <string.h>
| #endif
| #ifdef HAVE_STRINGS_H
| # include <strings.h>
| #endif
| #ifdef HAVE_INTTYPES_H
| # include <inttypes.h>
| #endif
| #ifdef HAVE_STDINT_H
| # include <stdint.h>
| #endif
| #ifdef HAVE_UNISTD_H
| # include <unistd.h>
| #endif
| int
| main ()
| {
| if (sizeof ((size_t)))
| 	    return 0;
|   ;
|   return 0;
| }
configure:5931: result: yes
configure:5942: checking for ssize_t
configure:5942: gcc -c -g -O2  conftest.c >&5
configure:5942: $? = 0
configure:5942: gcc -c -g -O2  conftest.c >&5
conftest.c: In function 'main':
conftest.c:89:22: error: expected expression before ')' token
 if (sizeof ((ssize_t)))
                      ^
configure:5942: $? = 1
configure: failed program was:
| /* confdefs.h */
| #define PACKAGE_NAME "bin/charge"
| #define PACKAGE_TARNAME "bin-charge"
| #define PACKAGE_VERSION "1.0"
| #define PACKAGE_STRING "bin/charge 1.0"
| #define PACKAGE_BUGREPORT "acoolbest@163.com"
| #define PACKAGE_URL ""
| #define PACKAGE "bin-charge"
| #define VERSION "1.0"
| #define HAVE_LIBCURL 1
| #define HAVE_LIBSQLITE3 1
| #define HAVE_LIBGLIB_2_0 1
| #define HAVE_LIBGTHREAD_2_0 1
| #define HAVE_LIBSSL 1
| #define HAVE_LIBUSB_1_0 1
| #define HAVE_SYS_TYPES_H 1
| #define HAVE_NETINET_IN_H 1
| #define HAVE_ARPA_NAMESER_H 1
| #define HAVE_NETDB_H 1
| #define HAVE_RESOLV_H 1
| #define STDC_HEADERS 1
| #define HAVE_SYS_TYPES_H 1
| #define HAVE_SYS_STAT_H 1
| #define HAVE_STDLIB_H 1
| #define HAVE_STRING_H 1
| #define HAVE_MEMORY_H 1
| #define HAVE_STRINGS_H 1
| #define HAVE_INTTYPES_H 1
| #define HAVE_STDINT_H 1
| #define HAVE_UNISTD_H 1
| #define HAVE_ARPA_INET_H 1
| #define HAVE_FCNTL_H 1
| #define HAVE_INTTYPES_H 1
| #define HAVE_LIMITS_H 1
| #define HAVE_MEMORY_H 1
| #define HAVE_NETDB_H 1
| #define HAVE_NETINET_IN_H 1
| #define HAVE_STDDEF_H 1
| #define HAVE_STDINT_H 1
| #define HAVE_STDLIB_H 1
| #define HAVE_STRING_H 1
| #define HAVE_STRINGS_H 1
| #define HAVE_SYS_IOCTL_H 1
| #define HAVE_SYS_MOUNT_H 1
| #define HAVE_SYS_SOCKET_H 1
| #define HAVE_SYS_TIME_H 1
| #define HAVE_TERMIOS_H 1
| #define HAVE_UNISTD_H 1
| #define HAVE_UTIME_H 1
| #define HAVE_WCHAR_H 1
| #define HAVE__BOOL 1
| /* end confdefs.h.  */
| #include <stdio.h>
| #ifdef HAVE_SYS_TYPES_H
| # include <sys/types.h>
| #endif
| #ifdef HAVE_SYS_STAT_H
| # include <sys/stat.h>
| #endif
| #ifdef STDC_HEADERS
| # include <stdlib.h>
| # include <stddef.h>
| #else
| # ifdef HAVE_STDLIB_H
| #  include <stdlib.h>
| # endif
| #endif
| #ifdef HAVE_STRING_H
| # if !defined STDC_HEADERS && defined HAVE_MEMORY_H
| #  include <memory.h>
| # endif
| # include <string.h>
| #endif
| #ifdef HAVE_STRINGS_H
| # include <strings.h>
| #endif
| #ifdef HAVE_INTTYPES_H
| # include <inttypes.h>
| #endif
| #ifdef HAVE_STDINT_H
| # include <stdint.h>
| #endif
| #ifdef HAVE_UNISTD_H
| # include <unistd.h>
| #endif
| int
| main ()
| {
| if (sizeof ((ssize_t)))
| 	    return 0;
|   ;
|   return 0;
| }
configure:5942: result: yes
configure:5953: checking for struct stat.st_rdev
configure:5953: gcc -c -g -O2  conftest.c >&5
configure:5953: $? = 0
configure:5953: result: yes
configure:5963: checking for uint16_t
configure:5963: gcc -c -g -O2  conftest.c >&5
configure:5963: $? = 0
configure:5963: result: yes
configure:5975: checking for uint32_t
configure:5975: gcc -c -g -O2  conftest.c >&5
configure:5975: $? = 0
configure:5975: result: yes
configure:5989: checking for uint64_t
configure:5989: gcc -c -g -O2  conftest.c >&5
configure:5989: $? = 0
configure:5989: result: yes
configure:6003: checking for uint8_t
configure:6003: gcc -c -g -O2  conftest.c >&5
configure:6003: $? = 0
configure:6003: result: yes
configure:6017: checking for ptrdiff_t
configure:6017: gcc -c -g -O2  conftest.c >&5
configure:6017: $? = 0
configure:6017: gcc -c -g -O2  conftest.c >&5
conftest.c: In function 'main':
conftest.c:90:24: error: expected expression before ')' token
 if (sizeof ((ptrdiff_t)))
                        ^
configure:6017: $? = 1
configure: failed program was:
| /* confdefs.h */
| #define PACKAGE_NAME "bin/charge"
| #define PACKAGE_TARNAME "bin-charge"
| #define PACKAGE_VERSION "1.0"
| #define PACKAGE_STRING "bin/charge 1.0"
| #define PACKAGE_BUGREPORT "acoolbest@163.com"
| #define PACKAGE_URL ""
| #define PACKAGE "bin-charge"
| #define VERSION "1.0"
| #define HAVE_LIBCURL 1
| #define HAVE_LIBSQLITE3 1
| #define HAVE_LIBGLIB_2_0 1
| #define HAVE_LIBGTHREAD_2_0 1
| #define HAVE_LIBSSL 1
| #define HAVE_LIBUSB_1_0 1
| #define HAVE_SYS_TYPES_H 1
| #define HAVE_NETINET_IN_H 1
| #define HAVE_ARPA_NAMESER_H 1
| #define HAVE_NETDB_H 1
| #define HAVE_RESOLV_H 1
| #define STDC_HEADERS 1
| #define HAVE_SYS_TYPES_H 1
| #define HAVE_SYS_STAT_H 1
| #define HAVE_STDLIB_H 1
| #define HAVE_STRING_H 1
| #define HAVE_MEMORY_H 1
| #define HAVE_STRINGS_H 1
| #define HAVE_INTTYPES_H 1
| #define HAVE_STDINT_H 1
| #define HAVE_UNISTD_H 1
| #define HAVE_ARPA_INET_H 1
| #define HAVE_FCNTL_H 1
| #define HAVE_INTTYPES_H 1
| #define HAVE_LIMITS_H 1
| #define HAVE_MEMORY_H 1
| #define HAVE_NETDB_H 1
| #define HAVE_NETINET_IN_H 1
| #define HAVE_STDDEF_H 1
| #define HAVE_STDINT_H 1
| #define HAVE_STDLIB_H 1
| #define HAVE_STRING_H 1
| #define HAVE_STRINGS_H 1
| #define HAVE_SYS_IOCTL_H 1
| #define HAVE_SYS_MOUNT_H 1
| #define HAVE_SYS_SOCKET_H 1
| #define HAVE_SYS_TIME_H 1
| #define HAVE_TERMIOS_H 1
| #define HAVE_UNISTD_H 1
| #define HAVE_UTIME_H 1
| #define HAVE_WCHAR_H 1
| #define HAVE__BOOL 1
| #define HAVE_STRUCT_STAT_ST_RDEV 1
| /* end confdefs.h.  */
| #include <stdio.h>
| #ifdef HAVE_SYS_TYPES_H
| # include <sys/types.h>
| #endif
| #ifdef HAVE_SYS_STAT_H
| # include <sys/stat.h>
| #endif
| #ifdef STDC_HEADERS
| # include <stdlib.h>
| # include <stddef.h>
| #else
| # ifdef HAVE_STDLIB_H
| #  include <stdlib.h>
| # endif
| #endif
| #ifdef HAVE_STRING_H
| # if !defined STDC_HEADERS && defined HAVE_MEMORY_H
| #  include <memory.h>
| # endif
| # include <string.h>
| #endif
| #ifdef HAVE_STRINGS_H
| # include <strings.h>
| #endif
| #ifdef HAVE_INTTYPES_H
| # include <inttypes.h>
| #endif
| #ifdef HAVE_STDINT_H
| # include <stdint.h>
| #endif
| #ifdef HAVE_UNISTD_H
| # include <unistd.h>
| #endif
| int
| main ()
| {
| if (sizeof ((ptrdiff_t)))
| 	    return 0;
|   ;
|   return 0;
| }
configure:6017: result: yes
configure:6032: checking for unistd.h
configure:6032: result: yes
configure:6042: checking for working chown
configure:6075: gcc -o conftest -g -O2   conftest.c -lusb-1.0 -lssl -lgthread-2.0 -lglib-2.0 -lsqlite3 -lcurl  >&5
configure:6075: $? = 0
configure:6075: ./conftest
configure:6075: $? = 0
configure:6087: result: yes
configure:6097: checking vfork.h usability
configure:6097: gcc -c -g -O2  conftest.c >&5
conftest.c:90:19: fatal error: vfork.h: No such file or directory
compilation terminated.
configure:6097: $? = 1
configure: failed program was:
| /* confdefs.h */
| #define PACKAGE_NAME "bin/charge"
| #define PACKAGE_TARNAME "bin-charge"
| #define PACKAGE_VERSION "1.0"
| #define PACKAGE_STRING "bin/charge 1.0"
| #define PACKAGE_BUGREPORT "acoolbest@163.com"
| #define PACKAGE_URL ""
| #define PACKAGE "bin-charge"
| #define VERSION "1.0"
| #define HAVE_LIBCURL 1
| #define HAVE_LIBSQLITE3 1
| #define HAVE_LIBGLIB_2_0 1
| #define HAVE_LIBGTHREAD_2_0 1
| #define HAVE_LIBSSL 1
| #define HAVE_LIBUSB_1_0 1
| #define HAVE_SYS_TYPES_H 1
| #define HAVE_NETINET_IN_H 1
| #define HAVE_ARPA_NAMESER_H 1
| #define HAVE_NETDB_H 1
| #define HAVE_RESOLV_H 1
| #define STDC_HEADERS 1
| #define HAVE_SYS_TYPES_H 1
| #define HAVE_SYS_STAT_H 1
| #define HAVE_STDLIB_H 1
| #define HAVE_STRING_H 1
| #define HAVE_MEMORY_H 1
| #define HAVE_STRINGS_H 1
| #define HAVE_INTTYPES_H 1
| #define HAVE_STDINT_H 1
| #define HAVE_UNISTD_H 1
| #define HAVE_ARPA_INET_H 1
| #define HAVE_FCNTL_H 1
| #define HAVE_INTTYPES_H 1
| #define HAVE_LIMITS_H 1
| #define HAVE_MEMORY_H 1
| #define HAVE_NETDB_H 1
| #define HAVE_NETINET_IN_H 1
| #define HAVE_STDDEF_H 1
| #define HAVE_STDINT_H 1
| #define HAVE_STDLIB_H 1
| #define HAVE_STRING_H 1
| #define HAVE_STRINGS_H 1
| #define HAVE_SYS_IOCTL_H 1
| #define HAVE_SYS_MOUNT_H 1
| #define HAVE_SYS_SOCKET_H 1
| #define HAVE_SYS_TIME_H 1
| #define HAVE_TERMIOS_H 1
| #define HAVE_UNISTD_H 1
| #define HAVE_UTIME_H 1
| #define HAVE_WCHAR_H 1
| #define HAVE__BOOL 1
| #define HAVE_STRUCT_STAT_ST_RDEV 1
| #define HAVE_PTRDIFF_T 1
| #define HAVE_UNISTD_H 1
| #define HAVE_CHOWN 1
| /* end confdefs.h.  */
| #include <stdio.h>
| #ifdef HAVE_SYS_TYPES_H
| # include <sys/types.h>
| #endif
| #ifdef HAVE_SYS_STAT_H
| # include <sys/stat.h>
| #endif
| #ifdef STDC_HEADERS
| # include <stdlib.h>
| # include <stddef.h>
| #else
| # ifdef HAVE_STDLIB_H
| #  include <stdlib.h>
| # endif
| #endif
| #ifdef HAVE_STRING_H
| # if !defined STDC_HEADERS && defined HAVE_MEMORY_H
| #  include <memory.h>
| # endif
| # include <string.h>
| #endif
| #ifdef HAVE_STRINGS_H
| # include <strings.h>
| #endif
| #ifdef HAVE_INTTYPES_H
| # include <inttypes.h>
| #endif
| #ifdef HAVE_STDINT_H
| # include <stdint.h>
| #endif
| #ifdef HAVE_UNISTD_H
| # include <unistd.h>
| #endif
| #include <vfork.h>
configure:6097: result: no
configure:6097: checking vfork.h presence
configure:6097: gcc -E  conftest.c
conftest.c:57:19: fatal error: vfork.h: No such file or directory
compilation terminated.
configure:6097: $? = 1
configure: failed program was:
| /* confdefs.h */
| #define PACKAGE_NAME "bin/charge"
| #define PACKAGE_TARNAME "bin-charge"
| #define PACKAGE_VERSION "1.0"
| #define PACKAGE_STRING "bin/charge 1.0"
| #define PACKAGE_BUGREPORT "acoolbest@163.com"
| #define PACKAGE_URL ""
| #define PACKAGE "bin-charge"
| #define VERSION "1.0"
| #define HAVE_LIBCURL 1
| #define HAVE_LIBSQLITE3 1
| #define HAVE_LIBGLIB_2_0 1
| #define HAVE_LIBGTHREAD_2_0 1
| #define HAVE_LIBSSL 1
| #define HAVE_LIBUSB_1_0 1
| #define HAVE_SYS_TYPES_H 1
| #define HAVE_NETINET_IN_H 1
| #define HAVE_ARPA_NAMESER_H 1
| #define HAVE_NETDB_H 1
| #define HAVE_RESOLV_H 1
| #define STDC_HEADERS 1
| #define HAVE_SYS_TYPES_H 1
| #define HAVE_SYS_STAT_H 1
| #define HAVE_STDLIB_H 1
| #define HAVE_STRING_H 1
| #define HAVE_MEMORY_H 1
| #define HAVE_STRINGS_H 1
| #define HAVE_INTTYPES_H 1
| #define HAVE_STDINT_H 1
| #define HAVE_UNISTD_H 1
| #define HAVE_ARPA_INET_H 1
| #define HAVE_FCNTL_H 1
| #define HAVE_INTTYPES_H 1
| #define HAVE_LIMITS_H 1
| #define HAVE_MEMORY_H 1
| #define HAVE_NETDB_H 1
| #define HAVE_NETINET_IN_H 1
| #define HAVE_STDDEF_H 1
| #define HAVE_STDINT_H 1
| #define HAVE_STDLIB_H 1
| #define HAVE_STRING_H 1
| #define HAVE_STRINGS_H 1
| #define HAVE_SYS_IOCTL_H 1
| #define HAVE_SYS_MOUNT_H 1
| #define HAVE_SYS_SOCKET_H 1
| #define HAVE_SYS_TIME_H 1
| #define HAVE_TERMIOS_H 1
| #define HAVE_UNISTD_H 1
| #define HAVE_UTIME_H 1
| #define HAVE_WCHAR_H 1
| #define HAVE__BOOL 1
| #define HAVE_STRUCT_STAT_ST_RDEV 1
| #define HAVE_PTRDIFF_T 1
| #define HAVE_UNISTD_H 1
| #define HAVE_CHOWN 1
| /* end confdefs.h.  */
| #include <vfork.h>
configure:6097: result: no
configure:6097: checking for vfork.h
configure:6097: result: no
configure:6110: checking for fork
configure:6110: gcc -o conftest -g -O2   conftest.c -lusb-1.0 -lssl -lgthread-2.0 -lglib-2.0 -lsqlite3 -lcurl  >&5
conftest.c:80:6: warning: conflicting types for built-in function 'fork'
 char fork ();
      ^
configure:6110: $? = 0
configure:6110: result: yes
configure:6110: checking for vfork
configure:6110: gcc -o conftest -g -O2   conftest.c -lusb-1.0 -lssl -lgthread-2.0 -lglib-2.0 -lsqlite3 -lcurl  >&5
configure:6110: $? = 0
configure:6110: result: yes
configure:6120: checking for working fork
configure:6142: gcc -o conftest -g -O2   conftest.c -lusb-1.0 -lssl -lgthread-2.0 -lglib-2.0 -lsqlite3 -lcurl  >&5
configure:6142: $? = 0
configure:6142: ./conftest
configure:6142: $? = 0
configure:6152: result: yes
configure:6173: checking for working vfork
configure:6283: result: yes
configure:6308: checking for _LARGEFILE_SOURCE value needed for large files
configure:6327: gcc -o conftest -g -O2   conftest.c -lusb-1.0 -lssl -lgthread-2.0 -lglib-2.0 -lsqlite3 -lcurl  >&5
configure:6327: $? = 0
configure:6355: result: no
configure:6377: checking whether sys/types.h defines makedev
configure:6393: gcc -o conftest -g -O2   conftest.c -lusb-1.0 -lssl -lgthread-2.0 -lglib-2.0 -lsqlite3 -lcurl  >&5
configure:6393: $? = 0
configure:6402: result: yes
configure:6432: checking for atexit
configure:6432: gcc -o conftest -g -O2   conftest.c -lusb-1.0 -lssl -lgthread-2.0 -lglib-2.0 -lsqlite3 -lcurl  >&5
configure:6432: $? = 0
configure:6432: result: yes
configure:6432: checking for bzero
configure:6432: gcc -o conftest -g -O2   conftest.c -lusb-1.0 -lssl -lgthread-2.0 -lglib-2.0 -lsqlite3 -lcurl  >&5
conftest.c:86:6: warning: conflicting types for built-in function 'bzero'
 char bzero ();
      ^
configure:6432: $? = 0
configure:6432: result: yes
configure:6432: checking for dup2
configure:6432: gcc -o conftest -g -O2   conftest.c -lusb-1.0 -lssl -lgthread-2.0 -lglib-2.0 -lsqlite3 -lcurl  >&5
configure:6432: $? = 0
configure:6432: result: yes
configure:6432: checking for ftruncate
configure:6432: gcc -o conftest -g -O2   conftest.c -lusb-1.0 -lssl -lgthread-2.0 -lglib-2.0 -lsqlite3 -lcurl  >&5
configure:6432: $? = 0
configure:6432: result: yes
configure:6432: checking for getcwd
configure:6432: gcc -o conftest -g -O2   conftest.c -lusb-1.0 -lssl -lgthread-2.0 -lglib-2.0 -lsqlite3 -lcurl  >&5
configure:6432: $? = 0
configure:6432: result: yes
configure:6432: checking for gethostbyname
configure:6432: gcc -o conftest -g -O2   conftest.c -lusb-1.0 -lssl -lgthread-2.0 -lglib-2.0 -lsqlite3 -lcurl  >&5
configure:6432: $? = 0
configure:6432: result: yes
configure:6432: checking for gethostname
configure:6432: gcc -o conftest -g -O2   conftest.c -lusb-1.0 -lssl -lgthread-2.0 -lglib-2.0 -lsqlite3 -lcurl  >&5
configure:6432: $? = 0
configure:6432: result: yes
configure:6432: checking for gettimeofday
configure:6432: gcc -o conftest -g -O2   conftest.c -lusb-1.0 -lssl -lgthread-2.0 -lglib-2.0 -lsqlite3 -lcurl  >&5
configure:6432: $? = 0
configure:6432: result: yes
configure:6432: checking for localtime_r
configure:6432: gcc -o conftest -g -O2   conftest.c -lusb-1.0 -lssl -lgthread-2.0 -lglib-2.0 -lsqlite3 -lcurl  >&5
configure:6432: $? = 0
configure:6432: result: yes
configure:6432: checking for memmove
configure:6432: gcc -o conftest -g -O2   conftest.c -lusb-1.0 -lssl -lgthread-2.0 -lglib-2.0 -lsqlite3 -lcurl  >&5
conftest.c:94:6: warning: conflicting types for built-in function 'memmove'
 char memmove ();
      ^
configure:6432: $? = 0
configure:6432: result: yes
configure:6432: checking for memset
configure:6432: gcc -o conftest -g -O2   conftest.c -lusb-1.0 -lssl -lgthread-2.0 -lglib-2.0 -lsqlite3 -lcurl  >&5
conftest.c:95:6: warning: conflicting types for built-in function 'memset'
 char memset ();
      ^
configure:6432: $? = 0
configure:6432: result: yes
configure:6432: checking for mkdir
configure:6432: gcc -o conftest -g -O2   conftest.c -lusb-1.0 -lssl -lgthread-2.0 -lglib-2.0 -lsqlite3 -lcurl  >&5
configure:6432: $? = 0
configure:6432: result: yes
configure:6432: checking for pow
configure:6432: gcc -o conftest -g -O2   conftest.c -lusb-1.0 -lssl -lgthread-2.0 -lglib-2.0 -lsqlite3 -lcurl  >&5
conftest.c:97:6: warning: conflicting types for built-in function 'pow'
 char pow ();
      ^
/tmp/ccDi7ygF.o: In function `main':
/home/charge/share/practice/charge_plus/conftest.c:108: undefined reference to `pow'
collect2: error: ld returned 1 exit status
configure:6432: $? = 1
configure: failed program was:
| /* confdefs.h */
| #define PACKAGE_NAME "bin/charge"
| #define PACKAGE_TARNAME "bin-charge"
| #define PACKAGE_VERSION "1.0"
| #define PACKAGE_STRING "bin/charge 1.0"
| #define PACKAGE_BUGREPORT "acoolbest@163.com"
| #define PACKAGE_URL ""
| #define PACKAGE "bin-charge"
| #define VERSION "1.0"
| #define HAVE_LIBCURL 1
| #define HAVE_LIBSQLITE3 1
| #define HAVE_LIBGLIB_2_0 1
| #define HAVE_LIBGTHREAD_2_0 1
| #define HAVE_LIBSSL 1
| #define HAVE_LIBUSB_1_0 1
| #define HAVE_SYS_TYPES_H 1
| #define HAVE_NETINET_IN_H 1
| #define HAVE_ARPA_NAMESER_H 1
| #define HAVE_NETDB_H 1
| #define HAVE_RESOLV_H 1
| #define STDC_HEADERS 1
| #define HAVE_SYS_TYPES_H 1
| #define HAVE_SYS_STAT_H 1
| #define HAVE_STDLIB_H 1
| #define HAVE_STRING_H 1
| #define HAVE_MEMORY_H 1
| #define HAVE_STRINGS_H 1
| #define HAVE_INTTYPES_H 1
| #define HAVE_STDINT_H 1
| #define HAVE_UNISTD_H 1
| #define HAVE_ARPA_INET_H 1
| #define HAVE_FCNTL_H 1
| #define HAVE_INTTYPES_H 1
| #define HAVE_LIMITS_H 1
| #define HAVE_MEMORY_H 1
| #define HAVE_NETDB_H 1
| #define HAVE_NETINET_IN_H 1
| #define HAVE_STDDEF_H 1
| #define HAVE_STDINT_H 1
| #define HAVE_STDLIB_H 1
| #define HAVE_STRING_H 1
| #define HAVE_STRINGS_H 1
| #define HAVE_SYS_IOCTL_H 1
| #define HAVE_SYS_MOUNT_H 1
| #define HAVE_SYS_SOCKET_H 1
| #define HAVE_SYS_TIME_H 1
| #define HAVE_TERMIOS_H 1
| #define HAVE_UNISTD_H 1
| #define HAVE_UTIME_H 1
| #define HAVE_WCHAR_H 1
| #define HAVE__BOOL 1
| #define HAVE_STRUCT_STAT_ST_RDEV 1
| #define HAVE_PTRDIFF_T 1
| #define HAVE_UNISTD_H 1
| #define HAVE_CHOWN 1
| #define HAVE_FORK 1
| #define HAVE_VFORK 1
| #define HAVE_WORKING_VFORK 1
| #define HAVE_WORKING_FORK 1
| #define HAVE_FSEEKO 1
| #define HAVE_ATEXIT 1
| #define HAVE_BZERO 1
| #define HAVE_DUP2 1
| #define HAVE_FTRUNCATE 1
| #define HAVE_GETCWD 1
| #define HAVE_GETHOSTBYNAME 1
| #define HAVE_GETHOSTNAME 1
| #define HAVE_GETTIMEOFDAY 1
| #define HAVE_LOCALTIME_R 1
| #define HAVE_MEMMOVE 1
| #define HAVE_MEMSET 1
| #define HAVE_MKDIR 1
| /* end confdefs.h.  */
| /* Define pow to an innocuous variant, in case <limits.h> declares pow.
|    For example, HP-UX 11i <limits.h> declares gettimeofday.  */
| #define pow innocuous_pow
| 
| /* System header to define __stub macros and hopefully few prototypes,
|     which can conflict with char pow (); below.
|     Prefer <limits.h> to <assert.h> if __STDC__ is defined, since
|     <limits.h> exists even on freestanding compilers.  */
| 
| #ifdef __STDC__
| # include <limits.h>
| #else
| # include <assert.h>
| #endif
| 
| #undef pow
| 
| /* Override any GCC internal prototype to avoid an error.
|    Use char because int might match the return type of a GCC
|    builtin and then its argument prototype would still apply.  */
| #ifdef __cplusplus
| extern "C"
| #endif
| char pow ();
| /* The GNU C library defines this for functions which it implements
|     to always fail with ENOSYS.  Some functions are actually named
|     something starting with __ and the normal name is an alias.  */
| #if defined __stub_pow || defined __stub___pow
| choke me
| #endif
| 
| int
| main ()
| {
| return pow ();
|   ;
|   return 0;
| }
configure:6432: result: no
configure:6432: checking for putenv
configure:6432: gcc -o conftest -g -O2   conftest.c -lusb-1.0 -lssl -lgthread-2.0 -lglib-2.0 -lsqlite3 -lcurl  >&5
configure:6432: $? = 0
configure:6432: result: yes
configure:6432: checking for select
configure:6432: gcc -o conftest -g -O2   conftest.c -lusb-1.0 -lssl -lgthread-2.0 -lglib-2.0 -lsqlite3 -lcurl  >&5
configure:6432: $? = 0
configure:6432: result: yes
configure:6432: checking for setenv
configure:6432: gcc -o conftest -g -O2   conftest.c -lusb-1.0 -lssl -lgthread-2.0 -lglib-2.0 -lsqlite3 -lcurl  >&5
configure:6432: $? = 0
configure:6432: result: yes
configure:6432: checking for socket
configure:6432: gcc -o conftest -g -O2   conftest.c -lusb-1.0 -lssl -lgthread-2.0 -lglib-2.0 -lsqlite3 -lcurl  >&5
configure:6432: $? = 0
configure:6432: result: yes
configure:6432: checking for strcasecmp
configure:6432: gcc -o conftest -g -O2   conftest.c -lusb-1.0 -lssl -lgthread-2.0 -lglib-2.0 -lsqlite3 -lcurl  >&5
conftest.c:101:6: warning: conflicting types for built-in function 'strcasecmp'
 char strcasecmp ();
      ^
configure:6432: $? = 0
configure:6432: result: yes
configure:6432: checking for strchr
configure:6432: gcc -o conftest -g -O2   conftest.c -lusb-1.0 -lssl -lgthread-2.0 -lglib-2.0 -lsqlite3 -lcurl  >&5
conftest.c:102:6: warning: conflicting types for built-in function 'strchr'
 char strchr ();
      ^
configure:6432: $? = 0
configure:6432: result: yes
configure:6432: checking for strdup
configure:6432: gcc -o conftest -g -O2   conftest.c -lusb-1.0 -lssl -lgthread-2.0 -lglib-2.0 -lsqlite3 -lcurl  >&5
conftest.c:103:6: warning: conflicting types for built-in function 'strdup'
 char strdup ();
      ^
configure:6432: $? = 0
configure:6432: result: yes
configure:6432: checking for strerror
configure:6432: gcc -o conftest -g -O2   conftest.c -lusb-1.0 -lssl -lgthread-2.0 -lglib-2.0 -lsqlite3 -lcurl  >&5
configure:6432: $? = 0
configure:6432: result: yes
configure:6432: checking for strncasecmp
configure:6432: gcc -o conftest -g -O2   conftest.c -lusb-1.0 -lssl -lgthread-2.0 -lglib-2.0 -lsqlite3 -lcurl  >&5
conftest.c:105:6: warning: conflicting types for built-in function 'strncasecmp'
 char strncasecmp ();
      ^
configure:6432: $? = 0
configure:6432: result: yes
configure:6432: checking for strndup
configure:6432: gcc -o conftest -g -O2   conftest.c -lusb-1.0 -lssl -lgthread-2.0 -lglib-2.0 -lsqlite3 -lcurl  >&5
conftest.c:106:6: warning: conflicting types for built-in function 'strndup'
 char strndup ();
      ^
configure:6432: $? = 0
configure:6432: result: yes
configure:6432: checking for strpbrk
configure:6432: gcc -o conftest -g -O2   conftest.c -lusb-1.0 -lssl -lgthread-2.0 -lglib-2.0 -lsqlite3 -lcurl  >&5
conftest.c:107:6: warning: conflicting types for built-in function 'strpbrk'
 char strpbrk ();
      ^
configure:6432: $? = 0
configure:6432: result: yes
configure:6432: checking for strrchr
configure:6432: gcc -o conftest -g -O2   conftest.c -lusb-1.0 -lssl -lgthread-2.0 -lglib-2.0 -lsqlite3 -lcurl  >&5
conftest.c:108:6: warning: conflicting types for built-in function 'strrchr'
 char strrchr ();
      ^
configure:6432: $? = 0
configure:6432: result: yes
configure:6432: checking for strstr
configure:6432: gcc -o conftest -g -O2   conftest.c -lusb-1.0 -lssl -lgthread-2.0 -lglib-2.0 -lsqlite3 -lcurl  >&5
conftest.c:109:6: warning: conflicting types for built-in function 'strstr'
 char strstr ();
      ^
configure:6432: $? = 0
configure:6432: result: yes
configure:6432: checking for strtol
configure:6432: gcc -o conftest -g -O2   conftest.c -lusb-1.0 -lssl -lgthread-2.0 -lglib-2.0 -lsqlite3 -lcurl  >&5
configure:6432: $? = 0
configure:6432: result: yes
configure:6432: checking for strtoul
configure:6432: gcc -o conftest -g -O2   conftest.c -lusb-1.0 -lssl -lgthread-2.0 -lglib-2.0 -lsqlite3 -lcurl  >&5
configure:6432: $? = 0
configure:6432: result: yes
configure:6432: checking for tzset
configure:6432: gcc -o conftest -g -O2   conftest.c -lusb-1.0 -lssl -lgthread-2.0 -lglib-2.0 -lsqlite3 -lcurl  >&5
configure:6432: $? = 0
configure:6432: result: yes
configure:6432: checking for utime
configure:6432: gcc -o conftest -g -O2   conftest.c -lusb-1.0 -lssl -lgthread-2.0 -lglib-2.0 -lsqlite3 -lcurl  >&5
configure:6432: $? = 0
configure:6432: result: yes
configure:6470: checking build system type
configure:6484: result: x86_64-unknown-linux-gnu
configure:6504: checking host system type
configure:6517: result: x86_64-unknown-linux-gnu
configure:6558: checking how to print strings
configure:6585: result: printf
configure:6606: checking for a sed that does not truncate output
configure:6670: result: /bin/sed
configure:6688: checking for fgrep
configure:6750: result: /bin/grep -F
configure:6785: checking for ld used by gcc
configure:6852: result: /usr/bin/ld
configure:6859: checking if the linker (/usr/bin/ld) is GNU ld
configure:6874: result: yes
configure:6886: checking for BSD- or MS-compatible name lister (nm)
configure:6935: result: /usr/bin/nm -B
configure:7065: checking the name lister (/usr/bin/nm -B) interface
configure:7072: gcc -c -g -O2  conftest.c >&5
configure:7075: /usr/bin/nm -B "conftest.o"
configure:7078: output
0000000000000000 B some_variable
configure:7085: result: BSD nm
configure:7088: checking whether ln -s works
configure:7092: result: yes
configure:7100: checking the maximum length of command line arguments
configure:7231: result: 1572864
configure:7248: checking whether the shell understands some XSI constructs
configure:7258: result: yes
configure:7262: checking whether the shell understands "+="
configure:7268: result: yes
configure:7303: checking how to convert x86_64-unknown-linux-gnu file names to x86_64-unknown-linux-gnu format
configure:7343: result: func_convert_file_noop
configure:7350: checking how to convert x86_64-unknown-linux-gnu file names to toolchain format
configure:7370: result: func_convert_file_noop
configure:7377: checking for /usr/bin/ld option to reload object files
configure:7384: result: -r
configure:7458: checking for objdump
configure:7474: found /usr/bin/objdump
configure:7485: result: objdump
configure:7517: checking how to recognize dependent libraries
configure:7715: result: pass_all
configure:7800: checking for dlltool
configure:7830: result: no
configure:7860: checking how to associate runtime and link libraries
configure:7887: result: printf %s\n
configure:8011: checking for archiver @FILE support
configure:8028: gcc -c -g -O2  conftest.c >&5
configure:8028: $? = 0
configure:8031: ar cru libconftest.a @conftest.lst >&5
ar: `u' modifier ignored since `D' is the default (see `U')
configure:8034: $? = 0
configure:8039: ar cru libconftest.a @conftest.lst >&5
ar: `u' modifier ignored since `D' is the default (see `U')
ar: conftest.o: No such file or directory
configure:8042: $? = 1
configure:8054: result: @
configure:8112: checking for strip
configure:8128: found /usr/bin/strip
configure:8139: result: strip
configure:8211: checking for ranlib
configure:8227: found /usr/bin/ranlib
configure:8238: result: ranlib
configure:8340: checking command to parse /usr/bin/nm -B output from gcc object
configure:8460: gcc -c -g -O2  conftest.c >&5
configure:8463: $? = 0
configure:8467: /usr/bin/nm -B conftest.o \| sed -n -e 's/^.*[ ]\([ABCDGIRSTW][ABCDGIRSTW]*\)[ ][ ]*\([_A-Za-z][_A-Za-z0-9]*\)$/\1 \2 \2/p' | sed '/ __gnu_lto/d' \> conftest.nm
configure:8470: $? = 0
configure:8536: gcc -o conftest -g -O2   conftest.c conftstm.o >&5
configure:8539: $? = 0
configure:8577: result: ok
configure:8614: checking for sysroot
configure:8644: result: no
configure:8721: gcc -c -g -O2  conftest.c >&5
configure:8724: $? = 0
configure:8913: checking for mt
configure:8929: found /bin/mt
configure:8940: result: mt
configure:8963: checking if mt is a manifest tool
configure:8969: mt '-?'
configure:8977: result: no
configure:9616: checking for dlfcn.h
configure:9616: gcc -c -g -O2  conftest.c >&5
configure:9616: $? = 0
configure:9616: result: yes
configure:9833: checking for objdir
configure:9848: result: .libs
configure:10115: checking if gcc supports -fno-rtti -fno-exceptions
configure:10133: gcc -c -g -O2  -fno-rtti -fno-exceptions conftest.c >&5
cc1: warning: command line option '-fno-rtti' is valid for C++/ObjC++ but not for C
configure:10137: $? = 0
configure:10150: result: no
configure:10477: checking for gcc option to produce PIC
configure:10484: result: -fPIC -DPIC
configure:10492: checking if gcc PIC flag -fPIC -DPIC works
configure:10510: gcc -c -g -O2  -fPIC -DPIC -DPIC conftest.c >&5
configure:10514: $? = 0
configure:10527: result: yes
configure:10556: checking if gcc static flag -static works
configure:10584: result: yes
configure:10599: checking if gcc supports -c -o file.o
configure:10620: gcc -c -g -O2  -o out/conftest2.o conftest.c >&5
configure:10624: $? = 0
configure:10646: result: yes
configure:10654: checking if gcc supports -c -o file.o
configure:10701: result: yes
configure:10734: checking whether the gcc linker (/usr/bin/ld -m elf_x86_64) supports shared libraries
configure:11891: result: yes
configure:11928: checking whether -lc should be explicitly linked in
configure:11936: gcc -c -g -O2  conftest.c >&5
configure:11939: $? = 0
configure:11954: gcc -shared  -fPIC -DPIC conftest.o  -v -Wl,-soname -Wl,conftest -o conftest 2\>\&1 \| /bin/grep  -lc  \>/dev/null 2\>\&1
configure:11957: $? = 0
configure:11971: result: no
configure:12131: checking dynamic linker characteristics
configure:12631: gcc -o conftest -g -O2   -Wl,-rpath -Wl,/foo conftest.c -lusb-1.0 -lssl -lgthread-2.0 -lglib-2.0 -lsqlite3 -lcurl  >&5
configure:12631: $? = 0
configure:12865: result: GNU/Linux ld.so
configure:12972: checking how to hardcode library paths into programs
configure:12997: result: immediate
configure:13537: checking whether stripping libraries is possible
configure:13542: result: yes
configure:13577: checking if libtool supports shared libraries
configure:13579: result: yes
configure:13582: checking whether to build shared libraries
configure:13603: result: yes
configure:13606: checking whether to build static libraries
configure:13610: result: yes
configure:13633: checking how to run the C++ preprocessor
configure:13660: g++ -E  conftest.cpp
configure:13660: $? = 0
configure:13674: g++ -E  conftest.cpp
conftest.cpp:93:28: fatal error: ac_nonexistent.h: No such file or directory
compilation terminated.
configure:13674: $? = 1
configure: failed program was:
| /* confdefs.h */
| #define PACKAGE_NAME "bin/charge"
| #define PACKAGE_TARNAME "bin-charge"
| #define PACKAGE_VERSION "1.0"
| #define PACKAGE_STRING "bin/charge 1.0"
| #define PACKAGE_BUGREPORT "acoolbest@163.com"
| #define PACKAGE_URL ""
| #define PACKAGE "bin-charge"
| #define VERSION "1.0"
| #define HAVE_LIBCURL 1
| #define HAVE_LIBSQLITE3 1
| #define HAVE_LIBGLIB_2_0 1
| #define HAVE_LIBGTHREAD_2_0 1
| #define HAVE_LIBSSL 1
| #define HAVE_LIBUSB_1_0 1
| #define HAVE_SYS_TYPES_H 1
| #define HAVE_NETINET_IN_H 1
| #define HAVE_ARPA_NAMESER_H 1
| #define HAVE_NETDB_H 1
| #define HAVE_RESOLV_H 1
| #define STDC_HEADERS 1
| #define HAVE_SYS_TYPES_H 1
| #define HAVE_SYS_STAT_H 1
| #define HAVE_STDLIB_H 1
| #define HAVE_STRING_H 1
| #define HAVE_MEMORY_H 1
| #define HAVE_STRINGS_H 1
| #define HAVE_INTTYPES_H 1
| #define HAVE_STDINT_H 1
| #define HAVE_UNISTD_H 1
| #define HAVE_ARPA_INET_H 1
| #define HAVE_FCNTL_H 1
| #define HAVE_INTTYPES_H 1
| #define HAVE_LIMITS_H 1
| #define HAVE_MEMORY_H 1
| #define HAVE_NETDB_H 1
| #define HAVE_NETINET_IN_H 1
| #define HAVE_STDDEF_H 1
| #define HAVE_STDINT_H 1
| #define HAVE_STDLIB_H 1
| #define HAVE_STRING_H 1
| #define HAVE_STRINGS_H 1
| #define HAVE_SYS_IOCTL_H 1
| #define HAVE_SYS_MOUNT_H 1
| #define HAVE_SYS_SOCKET_H 1
| #define HAVE_SYS_TIME_H 1
| #define HAVE_TERMIOS_H 1
| #define HAVE_UNISTD_H 1
| #define HAVE_UTIME_H 1
| #define HAVE_WCHAR_H 1
| #define HAVE__BOOL 1
| #define HAVE_STRUCT_STAT_ST_RDEV 1
| #define HAVE_PTRDIFF_T 1
| #define HAVE_UNISTD_H 1
| #define HAVE_CHOWN 1
| #define HAVE_FORK 1
| #define HAVE_VFORK 1
| #define HAVE_WORKING_VFORK 1
| #define HAVE_WORKING_FORK 1
| #define HAVE_FSEEKO 1
| #define HAVE_ATEXIT 1
| #define HAVE_BZERO 1
| #define HAVE_DUP2 1
| #define HAVE_FTRUNCATE 1
| #define HAVE_GETCWD 1
| #define HAVE_GETHOSTBYNAME 1
| #define HAVE_GETHOSTNAME 1
| #define HAVE_GETTIMEOFDAY 1
| #define HAVE_LOCALTIME_R 1
| #define HAVE_MEMMOVE 1
| #define HAVE_MEMSET 1
| #define HAVE_MKDIR 1
| #define HAVE_PUTENV 1
| #define HAVE_SELECT 1
| #define HAVE_SETENV 1
| #define HAVE_SOCKET 1
| #define HAVE_STRCASECMP 1
| #define HAVE_STRCHR 1
| #define HAVE_STRDUP 1
| #define HAVE_STRERROR 1
| #define HAVE_STRNCASECMP 1
| #define HAVE_STRNDUP 1
| #define HAVE_STRPBRK 1
| #define HAVE_STRRCHR 1
| #define HAVE_STRSTR 1
| #define HAVE_STRTOL 1
| #define HAVE_STRTOUL 1
| #define HAVE_TZSET 1
| #define HAVE_UTIME 1
| #define HAVE_DLFCN_H 1
| #define LT_OBJDIR ".libs/"
| /* end confdefs.h.  */
| #include <ac_nonexistent.h>
configure:13699: result: g++ -E
configure:13719: g++ -E  conftest.cpp
configure:13719: $? = 0
configure:13733: g++ -E  conftest.cpp
conftest.cpp:93:28: fatal error: ac_nonexistent.h: No such file or directory
compilation terminated.
configure:13733: $? = 1
configure: failed program was:
| /* confdefs.h */
| #define PACKAGE_NAME "bin/charge"
| #define PACKAGE_TARNAME "bin-charge"
| #define PACKAGE_VERSION "1.0"
| #define PACKAGE_STRING "bin/charge 1.0"
| #define PACKAGE_BUGREPORT "acoolbest@163.com"
| #define PACKAGE_URL ""
| #define PACKAGE "bin-charge"
| #define VERSION "1.0"
| #define HAVE_LIBCURL 1
| #define HAVE_LIBSQLITE3 1
| #define HAVE_LIBGLIB_2_0 1
| #define HAVE_LIBGTHREAD_2_0 1
| #define HAVE_LIBSSL 1
| #define HAVE_LIBUSB_1_0 1
| #define HAVE_SYS_TYPES_H 1
| #define HAVE_NETINET_IN_H 1
| #define HAVE_ARPA_NAMESER_H 1
| #define HAVE_NETDB_H 1
| #define HAVE_RESOLV_H 1
| #define STDC_HEADERS 1
| #define HAVE_SYS_TYPES_H 1
| #define HAVE_SYS_STAT_H 1
| #define HAVE_STDLIB_H 1
| #define HAVE_STRING_H 1
| #define HAVE_MEMORY_H 1
| #define HAVE_STRINGS_H 1
| #define HAVE_INTTYPES_H 1
| #define HAVE_STDINT_H 1
| #define HAVE_UNISTD_H 1
| #define HAVE_ARPA_INET_H 1
| #define HAVE_FCNTL_H 1
| #define HAVE_INTTYPES_H 1
| #define HAVE_LIMITS_H 1
| #define HAVE_MEMORY_H 1
| #define HAVE_NETDB_H 1
| #define HAVE_NETINET_IN_H 1
| #define HAVE_STDDEF_H 1
| #define HAVE_STDINT_H 1
| #define HAVE_STDLIB_H 1
| #define HAVE_STRING_H 1
| #define HAVE_STRINGS_H 1
| #define HAVE_SYS_IOCTL_H 1
| #define HAVE_SYS_MOUNT_H 1
| #define HAVE_SYS_SOCKET_H 1
| #define HAVE_SYS_TIME_H 1
| #define HAVE_TERMIOS_H 1
| #define HAVE_UNISTD_H 1
| #define HAVE_UTIME_H 1
| #define HAVE_WCHAR_H 1
| #define HAVE__BOOL 1
| #define HAVE_STRUCT_STAT_ST_RDEV 1
| #define HAVE_PTRDIFF_T 1
| #define HAVE_UNISTD_H 1
| #define HAVE_CHOWN 1
| #define HAVE_FORK 1
| #define HAVE_VFORK 1
| #define HAVE_WORKING_VFORK 1
| #define HAVE_WORKING_FORK 1
| #define HAVE_FSEEKO 1
| #define HAVE_ATEXIT 1
| #define HAVE_BZERO 1
| #define HAVE_DUP2 1
| #define HAVE_FTRUNCATE 1
| #define HAVE_GETCWD 1
| #define HAVE_GETHOSTBYNAME 1
| #define HAVE_GETHOSTNAME 1
| #define HAVE_GETTIMEOFDAY 1
| #define HAVE_LOCALTIME_R 1
| #define HAVE_MEMMOVE 1
| #define HAVE_MEMSET 1
| #define HAVE_MKDIR 1
| #define HAVE_PUTENV 1
| #define HAVE_SELECT 1
| #define HAVE_SETENV 1
| #define HAVE_SOCKET 1
| #define HAVE_STRCASECMP 1
| #define HAVE_STRCHR 1
| #define HAVE_STRDUP 1
| #define HAVE_STRERROR 1
| #define HAVE_STRNCASECMP 1
| #define HAVE_STRNDUP 1
| #define HAVE_STRPBRK 1
| #define HAVE_STRRCHR 1
| #define HAVE_STRSTR 1
| #define HAVE_STRTOL 1
| #define HAVE_STRTOUL 1
| #define HAVE_TZSET 1
| #define HAVE_UTIME 1
| #define HAVE_DLFCN_H 1
| #define LT_OBJDIR ".libs/"
| /* end confdefs.h.  */
| #include <ac_nonexistent.h>
configure:13902: checking for ld used by g++
configure:13969: result: /usr/bin/ld -m elf_x86_64
configure:13976: checking if the linker (/usr/bin/ld -m elf_x86_64) is GNU ld
configure:13991: result: yes
configure:14046: checking whether the g++ linker (/usr/bin/ld -m elf_x86_64) supports shared libraries
configure:15048: result: yes
configure:15084: g++ -c -g -O2  conftest.cpp >&5
configure:15087: $? = 0
configure:15607: checking for g++ option to produce PIC
configure:15614: result: -fPIC -DPIC
configure:15622: checking if g++ PIC flag -fPIC -DPIC works
configure:15640: g++ -c -g -O2  -fPIC -DPIC -DPIC conftest.cpp >&5
configure:15644: $? = 0
configure:15657: result: yes
configure:15680: checking if g++ static flag -static works
configure:15708: result: yes
configure:15720: checking if g++ supports -c -o file.o
configure:15741: g++ -c -g -O2  -o out/conftest2.o conftest.cpp >&5
configure:15745: $? = 0
configure:15767: result: yes
configure:15772: checking if g++ supports -c -o file.o
configure:15819: result: yes
configure:15849: checking whether the g++ linker (/usr/bin/ld -m elf_x86_64) supports shared libraries
configure:15888: result: yes
configure:16029: checking dynamic linker characteristics
configure:16697: result: GNU/Linux ld.so
configure:16750: checking how to hardcode library paths into programs
configure:16775: result: immediate
configure:16948: checking that generated files are newer than configure
configure:16954: result: done
configure:16981: creating ./config.status

## ---------------------- ##
## Running config.status. ##
## ---------------------- ##

This file was extended by bin/charge config.status 1.0, which was
generated by GNU Autoconf 2.69.  Invocation command line was

  CONFIG_FILES    = 
  CONFIG_HEADERS  = 
  CONFIG_LINKS    = 
  CONFIG_COMMANDS = 
  $ ./config.status 

on charge

config.status:1219: creating Makefile
config.status:1219: creating android_mgr/Makefile
config.status:1219: creating charge/Makefile
config.status:1219: creating ios_mgr/Makefile
config.status:1219: creating log_mgr/Makefile
config.status:1219: creating public_func/Makefile
config.status:1219: creating serial_mgr/Makefile
config.status:1219: creating config.h
config.status:1400: config.h is unchanged
config.status:1448: executing depfiles commands
config.status:1448: executing libtool commands

## ---------------- ##
## Cache variables. ##
## ---------------- ##

ac_cv_build=x86_64-unknown-linux-gnu
ac_cv_c_compiler_gnu=yes
ac_cv_c_inline=inline
ac_cv_c_int32_t=yes
ac_cv_c_int64_t=yes
ac_cv_c_int8_t=yes
ac_cv_c_uint16_t=yes
ac_cv_c_uint32_t=yes
ac_cv_c_uint64_t=yes
ac_cv_c_uint8_t=yes
ac_cv_cxx_compiler_gnu=yes
ac_cv_env_CCC_set=
ac_cv_env_CCC_value=
ac_cv_env_CC_set=
ac_cv_env_CC_value=
ac_cv_env_CFLAGS_set=
ac_cv_env_CFLAGS_value=
ac_cv_env_CPPFLAGS_set=
ac_cv_env_CPPFLAGS_value=
ac_cv_env_CPP_set=
ac_cv_env_CPP_value=
ac_cv_env_CXXCPP_set=
ac_cv_env_CXXCPP_value=
ac_cv_env_CXXFLAGS_set=
ac_cv_env_CXXFLAGS_value=
ac_cv_env_CXX_set=
ac_cv_env_CXX_value=
ac_cv_env_LDFLAGS_set=
ac_cv_env_LDFLAGS_value=
ac_cv_env_LIBS_set=
ac_cv_env_LIBS_value=
ac_cv_env_build_alias_set=
ac_cv_env_build_alias_value=
ac_cv_env_host_alias_set=
ac_cv_env_host_alias_value=
ac_cv_env_target_alias_set=
ac_cv_env_target_alias_value=
ac_cv_func_atexit=yes
ac_cv_func_bzero=yes
ac_cv_func_chown_works=yes
ac_cv_func_dup2=yes
ac_cv_func_fork=yes
ac_cv_func_fork_works=yes
ac_cv_func_ftruncate=yes
ac_cv_func_getcwd=yes
ac_cv_func_gethostbyname=yes
ac_cv_func_gethostname=yes
ac_cv_func_gettimeofday=yes
ac_cv_func_localtime_r=yes
ac_cv_func_malloc_0_nonnull=yes
ac_cv_func_memmove=yes
ac_cv_func_memset=yes
ac_cv_func_mkdir=yes
ac_cv_func_pow=no
ac_cv_func_putenv=yes
ac_cv_func_select=yes
ac_cv_func_setenv=yes
ac_cv_func_socket=yes
ac_cv_func_strcasecmp=yes
ac_cv_func_strchr=yes
ac_cv_func_strdup=yes
ac_cv_func_strerror=yes
ac_cv_func_strncasecmp=yes
ac_cv_func_strndup=yes
ac_cv_func_strpbrk=yes
ac_cv_func_strrchr=yes
ac_cv_func_strstr=yes
ac_cv_func_strtol=yes
ac_cv_func_strtoul=yes
ac_cv_func_tzset=yes
ac_cv_func_utime=yes
ac_cv_func_vfork=yes
ac_cv_func_vfork_works=yes
ac_cv_header_arpa_inet_h=yes
ac_cv_header_arpa_nameser_h=yes
ac_cv_header_dlfcn_h=yes
ac_cv_header_fcntl_h=yes
ac_cv_header_inttypes_h=yes
ac_cv_header_limits_h=yes
ac_cv_header_memory_h=yes
ac_cv_header_netdb_h=yes
ac_cv_header_netinet_in_h=yes
ac_cv_header_resolv_h=yes
ac_cv_header_stdbool_h=yes
ac_cv_header_stdc=yes
ac_cv_header_stddef_h=yes
ac_cv_header_stdint_h=yes
ac_cv_header_stdlib_h=yes
ac_cv_header_string_h=yes
ac_cv_header_strings_h=yes
ac_cv_header_sys_ioctl_h=yes
ac_cv_header_sys_mount_h=yes
ac_cv_header_sys_socket_h=yes
ac_cv_header_sys_stat_h=yes
ac_cv_header_sys_time_h=yes
ac_cv_header_sys_types_h=yes
ac_cv_header_sys_types_h_makedev=yes
ac_cv_header_termios_h=yes
ac_cv_header_unistd_h=yes
ac_cv_header_utime_h=yes
ac_cv_header_vfork_h=no
ac_cv_header_wchar_h=yes
ac_cv_host=x86_64-unknown-linux-gnu
ac_cv_lib_SendLog_main=no
ac_cv_lib_com_main=no
ac_cv_lib_curl_main=yes
ac_cv_lib_glib_2_0_main=yes
ac_cv_lib_gthread_2_0_main=yes
ac_cv_lib_json_main=no
ac_cv_lib_public_main=no
ac_cv_lib_sqlite3_main=yes
ac_cv_lib_ssl_main=yes
ac_cv_lib_usb_1_0_main=yes
ac_cv_member_struct_stat_st_rdev=yes
ac_cv_objext=o
ac_cv_path_EGREP='/bin/grep -E'
ac_cv_path_FGREP='/bin/grep -F'
ac_cv_path_GREP=/bin/grep
ac_cv_path_SED=/bin/sed
ac_cv_path_install='/usr/bin/install -c'
ac_cv_path_mkdir=/bin/mkdir
ac_cv_prog_AWK=mawk
ac_cv_prog_CPP='gcc -E'
ac_cv_prog_CXXCPP='g++ -E'
ac_cv_prog_ac_ct_AR=ar
ac_cv_prog_ac_ct_CC=gcc
ac_cv_prog_ac_ct_CXX=g++
ac_cv_prog_ac_ct_MANIFEST_TOOL=mt
ac_cv_prog_ac_ct_OBJDUMP=objdump
ac_cv_prog_ac_ct_RANLIB=ranlib
ac_cv_prog_ac_ct_STRIP=strip
ac_cv_prog_cc_c89=
ac_cv_prog_cc_g=yes
ac_cv_prog_cxx_g=yes
ac_cv_prog_make_make_set=yes
ac_cv_sys_largefile_source=no
ac_cv_type__Bool=yes
ac_cv_type_mode_t=yes
ac_cv_type_off_t=yes
ac_cv_type_pid_t=yes
ac_cv_type_ptrdiff_t=yes
ac_cv_type_size_t=yes
ac_cv_type_ssize_t=yes
ac_cv_type_uid_t=yes
am_cv_CC_dependencies_compiler_type=gcc3
am_cv_CXX_dependencies_compiler_type=gcc3
am_cv_ar_interface=ar
am_cv_make_support_nested_variables=yes
am_cv_prog_cc_c_o=yes
lt_cv_ar_at_file=@
lt_cv_archive_cmds_need_lc=no
lt_cv_deplibs_check_method=pass_all
lt_cv_file_magic_cmd='$MAGIC_CMD'
lt_cv_file_magic_test_file=
lt_cv_ld_reload_flag=-r
lt_cv_nm_interface='BSD nm'
lt_cv_objdir=.libs
lt_cv_path_LD=/usr/bin/ld
lt_cv_path_LDCXX='/usr/bin/ld -m elf_x86_64'
lt_cv_path_NM='/usr/bin/nm -B'
lt_cv_path_mainfest_tool=no
lt_cv_prog_compiler_c_o=yes
lt_cv_prog_compiler_c_o_CXX=yes
lt_cv_prog_compiler_pic='-fPIC -DPIC'
lt_cv_prog_compiler_pic_CXX='-fPIC -DPIC'
lt_cv_prog_compiler_pic_works=yes
lt_cv_prog_compiler_pic_works_CXX=yes
lt_cv_prog_compiler_rtti_exceptions=no
lt_cv_prog_compiler_static_works=yes
lt_cv_prog_compiler_static_works_CXX=yes
lt_cv_prog_gnu_ld=yes
lt_cv_prog_gnu_ldcxx=yes
lt_cv_sharedlib_from_linklib_cmd='printf %s\n'
lt_cv_shlibpath_overrides_runpath=no
lt_cv_sys_global_symbol_pipe='sed -n -e '\''s/^.*[	 ]\([ABCDGIRSTW][ABCDGIRSTW]*\)[	 ][	 ]*\([_A-Za-z][_A-Za-z0-9]*\)$/\1 \2 \2/p'\'' | sed '\''/ __gnu_lto/d'\'''
lt_cv_sys_global_symbol_to_c_name_address='sed -n -e '\''s/^: \([^ ]*\)[ ]*$/  {\"\1\", (void *) 0},/p'\'' -e '\''s/^[ABCDGIRSTW]* \([^ ]*\) \([^ ]*\)$/  {"\2", (void *) \&\2},/p'\'''
lt_cv_sys_global_symbol_to_c_name_address_lib_prefix='sed -n -e '\''s/^: \([^ ]*\)[ ]*$/  {\"\1\", (void *) 0},/p'\'' -e '\''s/^[ABCDGIRSTW]* \([^ ]*\) \(lib[^ ]*\)$/  {"\2", (void *) \&\2},/p'\'' -e '\''s/^[ABCDGIRSTW]* \([^ ]*\) \([^ ]*\)$/  {"lib\2", (void *) \&\2},/p'\'''
lt_cv_sys_global_symbol_to_cdecl='sed -n -e '\''s/^T .* \(.*\)$/extern int \1();/p'\'' -e '\''s/^[ABCDGIRSTW]* .* \(.*\)$/extern char \1;/p'\'''
lt_cv_sys_max_cmd_len=1572864
lt_cv_to_host_file_cmd=func_convert_file_noop
lt_cv_to_tool_file_cmd=func_convert_file_noop

## ----------------- ##
## Output variables. ##
## ----------------- ##

ACLOCAL='${SHELL} /home/charge/share/practice/charge_plus/missing aclocal-1.15'
AMDEPBACKSLASH='\'
AMDEP_FALSE='#'
AMDEP_TRUE=''
AMTAR='$${TAR-tar}'
AM_BACKSLASH='\'
AM_DEFAULT_V='$(AM_DEFAULT_VERBOSITY)'
AM_DEFAULT_VERBOSITY='1'
AM_V='$(V)'
AR='ar'
AUTOCONF='${SHELL} /home/charge/share/practice/charge_plus/missing autoconf'
AUTOHEADER='${SHELL} /home/charge/share/practice/charge_plus/missing autoheader'
AUTOMAKE='${SHELL} /home/charge/share/practice/charge_plus/missing automake-1.15'
AWK='mawk'
CC='gcc'
CCDEPMODE='depmode=gcc3'
CFLAGS='-g -O2'
CPP='gcc -E'
CPPFLAGS=''
CXX='g++'
CXXCPP='g++ -E'
CXXDEPMODE='depmode=gcc3'
CXXFLAGS='-g -O2'
CYGPATH_W='echo'
DEFS='-DHAVE_CONFIG_H'
DEPDIR='.deps'
DLLTOOL='false'
DSYMUTIL=''
DUMPBIN=''
ECHO_C=''
ECHO_N='-n'
ECHO_T=''
EGREP='/bin/grep -E'
EXEEXT=''
FGREP='/bin/grep -F'
GREP='/bin/grep'
INSTALL_DATA='${INSTALL} -m 644'
INSTALL_PROGRAM='${INSTALL}'
INSTALL_SCRIPT='${INSTALL}'
INSTALL_STRIP_PROGRAM='$(install_sh) -c -s'
LD='/usr/bin/ld -m elf_x86_64'
LDFLAGS=''
LIBOBJS=''
LIBS='-lusb-1.0 -lssl -lgthread-2.0 -lglib-2.0 -lsqlite3 -lcurl '
LIBTOOL='$(SHELL) $(top_builddir)/libtool'
LIPO=''
LN_S='ln -s'
LTLIBOBJS=''
MAKEINFO='${SHELL} /home/charge/share/practice/charge_plus/missing makeinfo'
MANIFEST_TOOL=':'
MKDIR_P='/bin/mkdir -p'
NM='/usr/bin/nm -B'
NMEDIT=''
OBJDUMP='objdump'
OBJEXT='o'
OTOOL64=''
OTOOL=''
PACKAGE='bin-charge'
PACKAGE_BUGREPORT='acoolbest@163.com'
PACKAGE_NAME='bin/charge'
PACKAGE_STRING='bin/charge 1.0'
PACKAGE_TARNAME='bin-charge'
PACKAGE_URL=''
PACKAGE_VERSION='1.0'
PATH_SEPARATOR=':'
RANLIB='ranlib'
SED='/bin/sed'
SET_MAKE=''
SHELL='/bin/bash'
STRIP='strip'
VERSION='1.0'
ac_ct_AR='ar'
ac_ct_CC='gcc'
ac_ct_CXX='g++'
ac_ct_DUMPBIN=''
am__EXEEXT_FALSE=''
am__EXEEXT_TRUE='#'
am__fastdepCC_FALSE='#'
am__fastdepCC_TRUE=''
am__fastdepCXX_FALSE='#'
am__fastdepCXX_TRUE=''
am__include='include'
am__isrc=''
am__leading_dot='.'
am__nodep='_no'
am__quote=''
am__tar='$${TAR-tar} chof - "$$tardir"'
am__untar='$${TAR-tar} xf -'
bindir='${exec_prefix}/bin'
build='x86_64-unknown-linux-gnu'
build_alias=''
build_cpu='x86_64'
build_os='linux-gnu'
build_vendor='unknown'
datadir='${datarootdir}'
datarootdir='${prefix}/share'
docdir='${datarootdir}/doc/${PACKAGE_TARNAME}'
dvidir='${docdir}'
exec_prefix='${prefix}'
host='x86_64-unknown-linux-gnu'
host_alias=''
host_cpu='x86_64'
host_os='linux-gnu'
host_vendor='unknown'
htmldir='${docdir}'
includedir='${prefix}/include'
infodir='${datarootdir}/info'
install_sh='${SHELL} /home/charge/share/practice/charge_plus/install-sh'
libdir='${exec_prefix}/lib'
libexecdir='${exec_prefix}/libexec'
localedir='${datarootdir}/locale'
localstatedir='${prefix}/var'
mandir='${datarootdir}/man'
mkdir_p='$(MKDIR_P)'
oldincludedir='/usr/include'
pdfdir='${docdir}'
prefix='/usr/local'
program_transform_name='s,x,x,'
psdir='${docdir}'
sbindir='${exec_prefix}/sbin'
sharedstatedir='${prefix}/com'
sysconfdir='${prefix}/etc'
target_alias=''

## ----------- ##
## confdefs.h. ##
## ----------- ##

/* confdefs.h */
#define PACKAGE_NAME "bin/charge"
#define PACKAGE_TARNAME "bin-charge"
#define PACKAGE_VERSION "1.0"
#define PACKAGE_STRING "bin/charge 1.0"
#define PACKAGE_BUGREPORT "acoolbest@163.com"
#define PACKAGE_URL ""
#define PACKAGE "bin-charge"
#define VERSION "1.0"
#define HAVE_LIBCURL 1
#define HAVE_LIBSQLITE3 1
#define HAVE_LIBGLIB_2_0 1
#define HAVE_LIBGTHREAD_2_0 1
#define HAVE_LIBSSL 1
#define HAVE_LIBUSB_1_0 1
#define HAVE_SYS_TYPES_H 1
#define HAVE_NETINET_IN_H 1
#define HAVE_ARPA_NAMESER_H 1
#define HAVE_NETDB_H 1
#define HAVE_RESOLV_H 1
#define STDC_HEADERS 1
#define HAVE_SYS_TYPES_H 1
#define HAVE_SYS_STAT_H 1
#define HAVE_STDLIB_H 1
#define HAVE_STRING_H 1
#define HAVE_MEMORY_H 1
#define HAVE_STRINGS_H 1
#define HAVE_INTTYPES_H 1
#define HAVE_STDINT_H 1
#define HAVE_UNISTD_H 1
#define HAVE_ARPA_INET_H 1
#define HAVE_FCNTL_H 1
#define HAVE_INTTYPES_H 1
#define HAVE_LIMITS_H 1
#define HAVE_MEMORY_H 1
#define HAVE_NETDB_H 1
#define HAVE_NETINET_IN_H 1
#define HAVE_STDDEF_H 1
#define HAVE_STDINT_H 1
#define HAVE_STDLIB_H 1
#define HAVE_STRING_H 1
#define HAVE_STRINGS_H 1
#define HAVE_SYS_IOCTL_H 1
#define HAVE_SYS_MOUNT_H 1
#define HAVE_SYS_SOCKET_H 1
#define HAVE_SYS_TIME_H 1
#define HAVE_TERMIOS_H 1
#define HAVE_UNISTD_H 1
#define HAVE_UTIME_H 1
#define HAVE_WCHAR_H 1
#define HAVE__BOOL 1
#define HAVE_STRUCT_STAT_ST_RDEV 1
#define HAVE_PTRDIFF_T 1
#define HAVE_UNISTD_H 1
#define HAVE_CHOWN 1
#define HAVE_FORK 1
#define HAVE_VFORK 1
#define HAVE_WORKING_VFORK 1
#define HAVE_WORKING_FORK 1
#define HAVE_FSEEKO 1
#define HAVE_ATEXIT 1
#define HAVE_BZERO 1
#define HAVE_DUP2 1
#define HAVE_FTRUNCATE 1
#define HAVE_GETCWD 1
#define HAVE_GETHOSTBYNAME 1
#define HAVE_GETHOSTNAME 1
#define HAVE_GETTIMEOFDAY 1
#define HAVE_LOCALTIME_R 1
#define HAVE_MEMMOVE 1
#define HAVE_MEMSET 1
#define HAVE_MKDIR 1
#define HAVE_PUTENV 1
#define HAVE_SELECT 1
#define HAVE_SETENV 1
#define HAVE_SOCKET 1
#define HAVE_STRCASECMP 1
#define HAVE_STRCHR 1
#define HAVE_STRDUP 1
#define HAVE_STRERROR 1
#define HAVE_STRNCASECMP 1
#define HAVE_STRNDUP 1
#define HAVE_STRPBRK 1
#define HAVE_STRRCHR 1
#define HAVE_STRSTR 1
#define HAVE_STRTOL 1
#define HAVE_STRTOUL 1
#define HAVE_TZSET 1
#define HAVE_UTIME 1
#define HAVE_DLFCN_H 1
#define LT_OBJDIR ".libs/"

configure: exit 0

## ---------------------- ##
## Running config.status. ##
## ---------------------- ##

This file was extended by bin/charge config.status 1.0, which was
generated by GNU Autoconf 2.69.  Invocation command line was

  CONFIG_FILES    = 
  CONFIG_HEADERS  = 
  CONFIG_LINKS    = 
  CONFIG_COMMANDS = 
  $ ./config.status charge/Makefile depfiles

on charge

config.status:1219: creating charge/Makefile
config.status:1448: executing depfiles commands

## ---------------------- ##
## Running config.status. ##
## ---------------------- ##

This file was extended by bin/charge config.status 1.0, which was
generated by GNU Autoconf 2.69.  Invocation command line was

  CONFIG_FILES    = 
  CONFIG_HEADERS  = 
  CONFIG_LINKS    = 
  CONFIG_COMMANDS = 
  $ ./config.status charge/Makefile depfiles

on charge

config.status:1219: creating charge/Makefile
config.status:1448: executing depfiles commands

## ---------------------- ##
## Running config.status. ##
## ---------------------- ##

This file was extended by bin/charge config.status 1.0, which was
generated by GNU Autoconf 2.69.  Invocation command line was

  CONFIG_FILES    = 
  CONFIG_HEADERS  = 
  CONFIG_LINKS    = 
  CONFIG_COMMANDS = 
  $ ./config.status charge/Makefile depfiles

on charge

config.status:1219: creating charge/Makefile
config.status:1448: executing depfiles commands

## ---------------------- ##
## Running config.status. ##
## ---------------------- ##

This file was extended by bin/charge config.status 1.0, which was
generated by GNU Autoconf 2.69.  Invocation command line was

  CONFIG_FILES    = 
  CONFIG_HEADERS  = 
  CONFIG_LINKS    = 
  CONFIG_COMMANDS = 
  $ ./config.status charge/Makefile depfiles

on charge

config.status:1219: creating charge/Makefile
config.status:1448: executing depfiles commands

## ---------------------- ##
## Running config.status. ##
## ---------------------- ##

This file was extended by bin/charge config.status 1.0, which was
generated by GNU Autoconf 2.69.  Invocation command line was

  CONFIG_FILES    = 
  CONFIG_HEADERS  = 
  CONFIG_LINKS    = 
  CONFIG_COMMANDS = 
  $ ./config.status charge/Makefile depfiles

on charge

config.status:1219: creating charge/Makefile
config.status:1448: executing depfiles commands

## ---------------------- ##
## Running config.status. ##
## ---------------------- ##

This file was extended by bin/charge config.status 1.0, which was
generated by GNU Autoconf 2.69.  Invocation command line was

  CONFIG_FILES    = 
  CONFIG_HEADERS  = 
  CONFIG_LINKS    = 
  CONFIG_COMMANDS = 
  $ ./config.status charge/Makefile depfiles

on charge

config.status:1219: creating charge/Makefile
config.status:1448: executing depfiles commands

## ---------------------- ##
## Running config.status. ##
## ---------------------- ##

This file was extended by bin/charge config.status 1.0, which was
generated by GNU Autoconf 2.69.  Invocation command line was

  CONFIG_FILES    = 
  CONFIG_HEADERS  = 
  CONFIG_LINKS    = 
  CONFIG_COMMANDS = 
  $ ./config.status charge/Makefile depfiles

on charge

config.status:1219: creating charge/Makefile
config.status:1448: executing depfiles commands

## ---------------------- ##
## Running config.status. ##
## ---------------------- ##

This file was extended by bin/charge config.status 1.0, which was
generated by GNU Autoconf 2.69.  Invocation command line was

  CONFIG_FILES    = 
  CONFIG_HEADERS  = 
  CONFIG_LINKS    = 
  CONFIG_COMMANDS = 
  $ ./config.status log_mgr/Makefile depfiles

on charge

config.status:1219: creating log_mgr/Makefile
config.status:1448: executing depfiles commands

## ---------------------- ##
## Running config.status. ##
## ---------------------- ##

This file was extended by bin/charge config.status 1.0, which was
generated by GNU Autoconf 2.69.  Invocation command line was

  CONFIG_FILES    = 
  CONFIG_HEADERS  = 
  CONFIG_LINKS    = 
  CONFIG_COMMANDS = 
  $ ./config.status Makefile

on charge

config.status:1219: creating Makefile

## ---------------------- ##
## Running config.status. ##
## ---------------------- ##

This file was extended by bin/charge config.status 1.0, which was
generated by GNU Autoconf 2.69.  Invocation command line was

  CONFIG_FILES    = 
  CONFIG_HEADERS  = 
  CONFIG_LINKS    = 
  CONFIG_COMMANDS = 
  $ ./config.status charge/Makefile depfiles

on charge

config.status:1219: creating charge/Makefile
config.status:1448: executing depfiles commands

## ---------------------- ##
## Running config.status. ##
## ---------------------- ##

This file was extended by bin/charge config.status 1.0, which was
generated by GNU Autoconf 2.69.  Invocation command line was

  CONFIG_FILES    = 
  CONFIG_HEADERS  = 
  CONFIG_LINKS    = 
  CONFIG_COMMANDS = 
  $ ./config.status Makefile

on charge

config.status:1219: creating Makefile
