==2330== Memcheck, a memory error detector
==2330== Copyright (C) 2002-2015, and GNU GPL'd, by Julian Seward et al.
==2330== Using Valgrind-3.11.0 and LibVEX; rerun with -h for copyright info
==2330== Command: ./a.out
==2330== Parent PID: 26906
==2330== 
==2330== 
==2330== Process terminating with default action of signal 2 (SIGINT)
==2330==    at 0x56B9C4D: ??? (syscall-template.S:81)
==2330==    by 0x56B9AE3: sleep (sleep.c:138)
==2330==    by 0x400DDA: main (timer.cpp:75)
==2330== 
==2330== HEAP SUMMARY:
==2330==     in use at exit: 72,704 bytes in 1 blocks
==2330==   total heap usage: 150 allocs, 149 frees, 196,168 bytes allocated
==2330== 
==2330== LEAK SUMMARY:
==2330==    definitely lost: 0 bytes in 0 blocks
==2330==    indirectly lost: 0 bytes in 0 blocks
==2330==      possibly lost: 0 bytes in 0 blocks
==2330==    still reachable: 72,704 bytes in 1 blocks
==2330==         suppressed: 0 bytes in 0 blocks
==2330== Reachable blocks (those to which a pointer was found) are not shown.
==2330== To see them, rerun with: --leak-check=full --show-leak-kinds=all
==2330== 
==2330== For counts of detected and suppressed errors, rerun with: -v
==2330== ERROR SUMMARY: 0 errors from 0 contexts (suppressed: 0 from 0)
